ERROR: InvocationError for command /arctic_878/.tox/dev36/bin/python setup.py test
84 failed, 
1232 passed, 
3 skipped, 
19 xfailed, 
1 xpassed, 
60836 warnings in 
4895.18s (1:21:35)

===============================================================================
=================================== FAILURES ===================================
>               assert_frame_equal(item.data, mydf_a)
E               AssertionError: (None, <Second>)

tests/integration/store/test_version_store.py:1382: AssertionError           x2
===============================================================================
>               assert_frame_equal(item.data, mydf_a)
E               AssertionError: (None, <Second>)

tests/integration/store/test_version_store.py:1403: AssertionError           x3
===============================================================================
>               assert_frame_equal(item.data, mydf_a)
E               AssertionError: (None, <Second>)

tests/integration/store/test_version_store.py:1426: AssertionError           x3
===============================================================================
>               assert_frame_equal(item.data, mydf_a)
E               AssertionError: (None, <Second>)

tests/integration/store/test_version_store.py:1446: AssertionError           x3
===============================================================================
>               assert_frame_equal(item.data, mydf_a)
E               AssertionError: (None, <Second>)

tests/integration/store/test_version_store.py:1465: AssertionError           x3
===============================================================================
>               assert_frame_equal(item.data, mydf[:15])
E               AssertionError: (None, <Second>)

tests/integration/store/test_version_store.py:1488: AssertionError           x3
===============================================================================
>           assert_frame_equal(mydf, read_data)
E           AssertionError: (<Day>, None)

tests/integration/store/test_version_store.py:1720: AssertionError           x3
===============================================================================
>           assert_series_equal(myseries, read_data)
E           AssertionError: (<Day>, None)

tests/integration/store/test_version_store.py:1732: AssertionError           x3
===============================================================================
>       assert_frame_equal(df, res.tz_convert(mktz('Europe/London')))
E       AssertionError: DataFrame are different
E       
E       DataFrame shape mismatch
E       [left]:  (6, 4)
E       [right]: (5, 4)

tests/integration/tickstore/test_toplevel.py:65: AssertionError              x1
===============================================================================
>       assert_frame_equal(expected_df, res.tz_convert(mktz('Europe/London')))
E       AssertionError: DataFrame are different
E       
E       DataFrame shape mismatch
E       [left]:  (9, 4)
E       [right]: (7, 4)

tests/integration/tickstore/test_toplevel.py:83: AssertionError              x1
===============================================================================
>       assert_frame_equal(expected_df, res.tz_convert(mktz('Europe/London')))
E       AssertionError: DataFrame are different
E       
E       DataFrame shape mismatch
E       [left]:  (5, 4)
E       [right]: (4, 4)

tests/integration/tickstore/test_toplevel.py:101: AssertionError             x1
===============================================================================
>       toplevel_tickstore.add(DateRange(start=dt(2010, 1, 1), end=dt(2010, 12, 31, 23, 59, 59, 999000)), 'FEED_2010.LEVEL1')

tests/integration/tickstore/test_toplevel.py:113:                            x1
===============================================================================
>   overlapping libraries: {}""".format(library_name, [lib.library for lib in library_metadata]))
E   arctic.exceptions.OverlappingDataException: There are libraries that overlap with the date range:
E   library: FEED_2010.LEVEL1
E   overlapping libraries: ['FEED_2011.LEVEL1']

arctic/tickstore/toplevel.py:101: OverlappingDataException                   x1
===============================================================================
>       assert_frame_equal(expected, res.tz_convert(mktz('Europe/London')))
E       AssertionError: DataFrame are different
E       
E       DataFrame shape mismatch
E       [left]:  (57, 1)
E       [right]: (55, 1)

tests/integration/tickstore/test_toplevel.py:197: AssertionError             x1
===============================================================================
>       assert_frame_equal(expected, res)
E       AssertionError: DataFrame are different
E       
E       DataFrame shape mismatch
E       [left]:  (10, 1)
E       [right]: (9, 1)

tests/integration/tickstore/test_toplevel.py:215: AssertionError             x1
===============================================================================
>       assert_array_equal(df['a'].values, np.array([1, np.nan, np.nan]))
E       AssertionError: 
E       Arrays are not equal
E       
E       (shapes (2,), (3,) mismatch)
E        x: array([nan, nan])
E        y: array([ 1., nan, nan])

tests/integration/tickstore/test_ts_read.py:233: AssertionError              x1
===============================================================================
>           assert_array_equal(df['b'].values, np.array([2.]))
E           AssertionError: 
E           Arrays are not equal
E           
E           Mismatched elements: 1 / 1 (100%)
E           Max absolute difference: 1.
E           Max relative difference: 0.5
E            x: array([3.])
E            y: array([2.])

tests/integration/tickstore/test_ts_read.py:299: AssertionError              x1
===============================================================================
>       assert_array_equal(df['b'].values, np.array([2., 4.]))
E       AssertionError: 
E       Arrays are not equal
E       
E       (shapes (1,), (2,) mismatch)
E        x: array([4.])
E        y: array([2., 4.])

tests/integration/tickstore/test_ts_read.py:368: AssertionError              x1
===============================================================================
>       vs._delete_version.assert_called_once_with(sentinel.symbol, 3)

tests/unit/store/test_version_store_audit.py:221:                            x1
===============================================================================
>           raise AssertionError(msg)
E           AssertionError: Expected '_delete_version' to be called once. Called 0 times.

.eggs/mock-4.0.3-py3.6.egg/mock/mock.py:925: AssertionError                  x1
===============================================================================
>       assert query == {'s': {'$gte': dt(2014, 1, 1, 12, 0, tzinfo=mktz()), '$lte': dt(2014, 1, 3, 0, 0, tzinfo=mktz())}}
E       AssertionError: assert {'s': {'$gte'...ca/Denver'))}} == {'s': {'$gte'...ca/Denver'))}}
E         Differing items:
E         {'s': {'$gte': datetime.datetime(2014, 1, 1, 12, 0, tzinfo=tzfile('/usr/share/zoneinfo/UTC')), '$lte': datetime.datetime(2014, 1, 3, 0, 0, tzinfo=tzfile('/usr/share/zoneinfo/America/Denver'))}} != {'s': {'$gte': datetime.datetime(2014, 1, 1, 12, 0, tzinfo=tzfile('/usr/share/zoneinfo/America/Denver')), '$lte': datetime.datetime(2014, 1, 3, 0, 0, tzinfo=tzfile('/usr/share/zoneinfo/America/Denver'))}}
E         Use -v to get the full diff

tests/unit/tickstore/test_tickstore.py:43: AssertionError                    x1
===============================================================================
>       assert index == [i['index'] for i in data]
E       AssertionError: assert [datetime.dat...neinfo/UTC'))] == [datetime.dat...neinfo/UTC'))]
E         At index 0 diff: datetime.datetime(2013, 12, 31, 17, 1, tzinfo=tzfile('/usr/share/zoneinfo/UTC')) != datetime.datetime(2014, 1, 1, 0, 1, tzinfo=tzfile('/usr/share/zoneinfo/UTC'))
E         Use -v to get the full diff

tests/unit/tickstore/test_tickstore.py:97: AssertionError                    x1
===============================================================================
>       assert index == tick_index
E       AssertionError: assert [datetime.dat...neinfo/UTC'))] == [datetime.dat...neinfo/UTC'))]
E         At index 0 diff: datetime.datetime(2014, 1, 1, 17, 0, tzinfo=tzfile('/usr/share/zoneinfo/UTC')) != datetime.datetime(2014, 1, 2, 0, 0, tzinfo=tzfile('/usr/share/zoneinfo/UTC'))
E         Use -v to get the full diff

tests/unit/tickstore/test_tickstore.py:162: AssertionError                   x1
===============================================================================
=============================== warnings summary ===============================
arctic/_util.py:6
  /home/cwm/git/bb.FLXSA/quant/arctic_878/arctic/_util.py:6: FutureWarning: pandas.util.testing is deprecated. Use the functions in the public API at pandas.testing instead.
    from pandas.util.testing import assert_frame_equal

tests/integration/tickstore/test_ts_read.py:9
  /home/cwm/git/bb.FLXSA/quant/arctic_878/tests/integration/tickstore/test_ts_read.py:9: DeprecationWarning: Importing from numpy.testing.utils is deprecated since 1.15.0, import from numpy.testing instead.
    from numpy.testing.utils import assert_array_equal

tests/integration/test_arctic.py: 4 warnings
tests/integration/test_concurrent_append.py: 1 warning
tests/integration/test_howtos.py: 3 warnings
tests/integration/scripts/test_arctic_fsck.py: 45 warnings
tests/integration/scripts/test_copy_data.py: 23 warnings
tests/integration/store/test_bitemporal_store.py: 43 warnings
tests/integration/store/test_ndarray_store.py: 37 warnings
tests/integration/store/test_ndarray_store_append.py: 69 warnings
tests/integration/store/test_pandas_store.py: 378 warnings
tests/integration/store/test_version_store.py: 647 warnings
tests/integration/store/test_version_store_audit.py: 29 warnings
tests/integration/store/test_version_store_corruption.py: 14 warnings
  /home/cwm/git/bb.FLXSA/quant/arctic_878/arctic/store/_ndarray_store.py:600: DeprecationWarning: tostring() is deprecated. Use tobytes() instead.
    sha.update(item.tostring())

tests/integration/test_arctic.py: 3 warnings
tests/integration/test_howtos.py: 3 warnings
tests/integration/scripts/test_arctic_fsck.py: 42 warnings
tests/integration/scripts/test_copy_data.py: 21 warnings
tests/integration/store/test_bitemporal_store.py: 29 warnings
tests/integration/store/test_ndarray_store.py: 828 warnings
tests/integration/store/test_ndarray_store_append.py: 314 warnings
tests/integration/store/test_pandas_store.py: 285 warnings
tests/integration/store/test_version_store.py: 570 warnings
tests/integration/store/test_version_store_audit.py: 21 warnings
tests/integration/store/test_version_store_corruption.py: 18 warnings
  /home/cwm/git/bb.FLXSA/quant/arctic_878/arctic/store/_ndarray_store.py:657: DeprecationWarning: tostring() is deprecated. Use tobytes() instead.
    chunks = [(item[i * rows_per_chunk: (i + 1) * rows_per_chunk]).tostring() for i in idxs]

tests/integration/test_arctic.py: 3 warnings
tests/integration/test_howtos.py: 3 warnings
tests/integration/scripts/test_arctic_fsck.py: 42 warnings
tests/integration/scripts/test_copy_data.py: 21 warnings
tests/integration/store/test_bitemporal_store.py: 29 warnings
tests/integration/store/test_pandas_store.py: 37 warnings
tests/integration/store/test_version_store.py: 1976 warnings
tests/integration/store/test_version_store_audit.py: 21 warnings
tests/integration/store/test_version_store_corruption.py: 138 warnings
  /home/cwm/git/bb.FLXSA/quant/arctic_878/arctic/store/_pandas_ndarray_store.py:58: DeprecationWarning: tostring() is deprecated. Use tobytes() instead.
    return Binary(compress(index.tostring()))

tests/integration/test_arctic.py: 5 warnings
tests/integration/scripts/test_delete_library.py: 5 warnings
  /home/cwm/git/bb.FLXSA/quant/arctic_878/arctic/_cache.py:120: DeprecationWarning: update is deprecated. Use replace_one, update_one or update_many instead.
    {"$pull": {"data": item}}

tests/integration/test_arctic.py::test_list_libraries_cached
  /home/cwm/git/bb.FLXSA/quant/arctic_878/tests/integration/test_arctic.py:250: DeprecationWarning: remove is deprecated. Use delete_one or delete_many instead.
    arctic._conn.meta_db.cache.remove({})

tests/integration/chunkstore/test_chunkstore.py: 9982 warnings
tests/integration/chunkstore/test_fixes.py: 91 warnings
tests/integration/chunkstore/test_utils.py: 2 warnings
tests/integration/chunkstore/tools/test_tools.py: 52 warnings
tests/unit/serialization/test_numpy_arrays.py: 26 warnings
  /home/cwm/git/bb.FLXSA/quant/arctic_878/arctic/serialization/numpy_arrays.py:119: DeprecationWarning: tostring() is deprecated. Use tobytes() instead.
    arrays.append(arr.tostring())

tests/integration/store/test_ndarray_store.py: 3 warnings
tests/integration/store/test_ndarray_store_append.py: 583 warnings
tests/integration/store/test_pandas_store.py: 19 warnings
tests/integration/store/test_version_store.py: 1546 warnings
tests/integration/store/test_version_store_corruption.py: 124 warnings
  /home/cwm/git/bb.FLXSA/quant/arctic_878/arctic/store/_ndarray_store.py:449: DeprecationWarning: tostring() is deprecated. Use tobytes() instead.
    data = item.tostring()

tests/integration/store/test_ndarray_store.py::test_save_read_large_ndarray
  /home/cwm/git/bb.FLXSA/quant/arctic_878/tests/integration/store/test_ndarray_store.py:146: DeprecationWarning: tostring() is deprecated. Use tobytes() instead.
    assert len(ndarr.tostring()) > 16 * 1024 * 1024

tests/integration/store/test_ndarray_store_append.py::test_append_read_large_ndarray[FwPointersCfg.DISABLED]
tests/integration/store/test_ndarray_store_append.py::test_append_read_large_ndarray[FwPointersCfg.HYBRID]
tests/integration/store/test_ndarray_store_append.py::test_append_read_large_ndarray[FwPointersCfg.ENABLED]
  /home/cwm/git/bb.FLXSA/quant/arctic_878/tests/integration/store/test_ndarray_store_append.py:112: DeprecationWarning: tostring() is deprecated. Use tobytes() instead.
    assert len(ndarr.tostring()) > 16 * 1024 * 1024

tests/integration/store/test_ndarray_store_append.py::test_save_append_read_ndarray[FwPointersCfg.DISABLED]
tests/integration/store/test_ndarray_store_append.py::test_save_append_read_ndarray[FwPointersCfg.HYBRID]
tests/integration/store/test_ndarray_store_append.py::test_save_append_read_ndarray[FwPointersCfg.ENABLED]
  /home/cwm/git/bb.FLXSA/quant/arctic_878/tests/integration/store/test_ndarray_store_append.py:138: DeprecationWarning: tostring() is deprecated. Use tobytes() instead.
    assert len(ndarr.tostring()) > 16 * 1024 * 1024

tests/integration/store/test_ndarray_store_append.py::test_save_append_read_1row_ndarray
  /home/cwm/git/bb.FLXSA/quant/arctic_878/tests/integration/store/test_ndarray_store_append.py:155: DeprecationWarning: tostring() is deprecated. Use tobytes() instead.
    assert len(ndarr.tostring()) > 16 * 1024 * 1024

tests/integration/store/test_ndarray_store_append.py::test_append_too_large_ndarray
  /home/cwm/git/bb.FLXSA/quant/arctic_878/tests/integration/store/test_ndarray_store_append.py:172: DeprecationWarning: tostring() is deprecated. Use tobytes() instead.
    assert len(ndarr.tostring()) > 16 * 1024 * 1024

tests/integration/store/test_pandas_store.py::test_save_read_pandas_empty_series_with_datetime_multiindex_with_timezone
  /home/cwm/git/bb.FLXSA/quant/arctic_878/tests/integration/store/test_pandas_store.py:146: DeprecationWarning: The default dtype for empty Series will be 'object' instead of 'float64' in a future version. Specify a dtype explicitly to silence this warning.
    df = Series(data=[], index=empty_index)

tests/integration/store/test_pandas_store.py::test_duplicate_labels
tests/integration/store/test_pandas_store.py::test_duplicate_labels
tests/integration/store/test_pandas_store.py::test_duplicate_labels
tests/integration/store/test_pandas_store.py::test_duplicate_labels
  /home/cwm/git/bb.FLXSA/quant/arctic_878/.tox/dev36/lib/python3.6/site-packages/numpy/core/numeric.py:2378: DeprecationWarning: elementwise comparison failed; this will raise an error in the future.
    return bool(asarray(a1 == a2).all())

tests/integration/store/test_pickle_store.py::test_bson_large_object
  /home/cwm/git/bb.FLXSA/quant/arctic_878/tests/integration/store/test_pickle_store.py:53: DeprecationWarning: tostring() is deprecated. Use tobytes() instead.
    'large_thing': np.random.rand(int(2.1 * 1024 * 1024)).tostring()}

tests/integration/tickstore/test_toplevel.py: 44 warnings
tests/integration/tickstore/test_ts_read.py: 5 warnings
tests/integration/tickstore/test_ts_write.py: 2 warnings
tests/unit/tickstore/test_tickstore.py: 1 warning
  /home/cwm/git/bb.FLXSA/quant/arctic_878/arctic/tickstore/tickstore.py:707: DeprecationWarning: tostring() is deprecated. Use tobytes() instead.
    rowmask = Binary(lz4_compressHC(np.packbits(np.ones(len(df), dtype='uint8')).tostring()))

tests/integration/tickstore/test_toplevel.py: 176 warnings
tests/integration/tickstore/test_ts_read.py: 6 warnings
tests/integration/tickstore/test_ts_write.py: 6 warnings
tests/unit/tickstore/test_tickstore.py: 3 warnings
  /home/cwm/git/bb.FLXSA/quant/arctic_878/arctic/tickstore/tickstore.py:718: DeprecationWarning: tostring() is deprecated. Use tobytes() instead.
    DATA: Binary(lz4_compressHC(array.tostring())),

tests/integration/tickstore/test_toplevel.py: 44 warnings
tests/integration/tickstore/test_ts_read.py: 4 warnings
tests/integration/tickstore/test_ts_write.py: 2 warnings
tests/unit/tickstore/test_tickstore.py: 1 warning
  /home/cwm/git/bb.FLXSA/quant/arctic_878/arctic/tickstore/tickstore.py:727: DeprecationWarning: tostring() is deprecated. Use tobytes() instead.
    recs[index_name].astype('datetime64[ms]').view('uint64')))).tostring()))

tests/integration/tickstore/test_toplevel.py: 4 warnings
tests/integration/tickstore/test_ts_delete.py: 12 warnings
tests/integration/tickstore/test_ts_read.py: 136 warnings
tests/integration/tickstore/test_ts_write.py: 18 warnings
tests/unit/tickstore/test_tickstore.py: 8 warnings
  /home/cwm/git/bb.FLXSA/quant/arctic_878/arctic/tickstore/tickstore.py:758: DeprecationWarning: tostring() is deprecated. Use tobytes() instead.
    for k, v in iteritems(rowmask)])

tests/integration/tickstore/test_toplevel.py: 4 warnings
tests/integration/tickstore/test_ts_delete.py: 12 warnings
tests/integration/tickstore/test_ts_read.py: 136 warnings
tests/integration/tickstore/test_ts_write.py: 18 warnings
tests/unit/tickstore/test_tickstore.py: 8 warnings
  /home/cwm/git/bb.FLXSA/quant/arctic_878/arctic/tickstore/tickstore.py:763: DeprecationWarning: tostring() is deprecated. Use tobytes() instead.
    rtn[COLUMNS][k] = {DATA: Binary(lz4_compressHC(v.tostring())),

tests/integration/tickstore/test_toplevel.py: 4 warnings
tests/integration/tickstore/test_ts_delete.py: 6 warnings
tests/integration/tickstore/test_ts_read.py: 38 warnings
tests/integration/tickstore/test_ts_write.py: 7 warnings
tests/unit/tickstore/test_tickstore.py: 2 warnings
  /home/cwm/git/bb.FLXSA/quant/arctic_878/arctic/tickstore/tickstore.py:776: DeprecationWarning: tostring() is deprecated. Use tobytes() instead.
    rtn[INDEX] = Binary(lz4_compressHC(np.concatenate(([data['index'][0]], np.diff(data['index']))).tostring()))

tests/unit/chunkstore/test_passthrough_chunker.py::test_pass_thru
  /home/cwm/git/bb.FLXSA/quant/arctic_878/arctic/chunkstore/passthrough_chunker.py:75: DeprecationWarning: The default dtype for empty Series will be 'object' instead of 'float64' in a future version. Specify a dtype explicitly to silence this warning.
    return Series()

tests/unit/chunkstore/test_passthrough_chunker.py::test_pass_thru
  /home/cwm/git/bb.FLXSA/quant/arctic_878/tests/unit/chunkstore/test_passthrough_chunker.py:18: DeprecationWarning: The default dtype for empty Series will be 'object' instead of 'float64' in a future version. Specify a dtype explicitly to silence this warning.
    assert(p.exclude(Series([1, 2, 3]), None).equals(Series()))

tests/unit/serialization/test_incremental.py: 38 warnings
  /home/cwm/git/bb.FLXSA/quant/arctic_878/tests/unit/serialization/test_incremental.py:53: DeprecationWarning: tostring() is deprecated. Use tobytes() instead.
    matching = expectation[0].tostring() == incr_ser_data.tostring()

tests/unit/serialization/test_incremental.py: 41846 warnings
  /home/cwm/git/bb.FLXSA/quant/arctic_878/arctic/serialization/incremental.py:223: DeprecationWarning: tostring() is deprecated. Use tobytes() instead.
    chunk = chunk.tostring() if chunk is not None and get_bytes else chunk

tests/unit/serialization/test_incremental.py: 19 warnings
  /home/cwm/git/bb.FLXSA/quant/arctic_878/tests/unit/serialization/test_incremental.py:73: DeprecationWarning: tostring() is deprecated. Use tobytes() instead.
    matching = expectation[0].tostring() == b''.join(chunk_bytes)

tests/unit/serialization/test_incremental.py: 57 warnings
  /home/cwm/git/bb.FLXSA/quant/arctic_878/tests/unit/serialization/test_incremental.py:101: DeprecationWarning: tostring() is deprecated. Use tobytes() instead.
    matching = expectation[0].tostring() == b''.join(chunk_bytes)

tests/unit/serialization/test_incremental.py: 10 warnings
  /home/cwm/git/bb.FLXSA/quant/arctic_878/tests/unit/serialization/test_incremental.py:136: DeprecationWarning: tostring() is deprecated. Use tobytes() instead.
    matching = expectation[0][from_idx:to_idx].tostring() == b''.join(chunk_bytes)

tests/unit/serialization/test_numpy_arrays.py::test_string_cols_with_nans
tests/unit/serialization/test_numpy_arrays.py::test_objify_with_missing_columns
  /home/cwm/git/bb.FLXSA/quant/arctic_878/arctic/serialization/numpy_arrays.py:118: DeprecationWarning: tostring() is deprecated. Use tobytes() instead.
    masks[str(c)] = Binary(compress(mask.tostring()))

tests/unit/store/test_pickle_store.py::test_unpickle_highest_protocol
  /home/cwm/git/bb.FLXSA/quant/arctic_878/tests/unit/store/test_pickle_store.py:121: DeprecationWarning: The default dtype for empty Series will be 'object' instead of 'float64' in a future version. Specify a dtype explicitly to silence this warning.
    'blob': compressHC(cPickle.dumps(pd.Series(), protocol=cPickle.HIGHEST_PROTOCOL)),

tests/unit/store/test_pickle_store.py::test_unpickle_highest_protocol
  /home/cwm/git/bb.FLXSA/quant/arctic_878/tests/unit/store/test_pickle_store.py:127: DeprecationWarning: The default dtype for empty Series will be 'object' instead of 'float64' in a future version. Specify a dtype explicitly to silence this warning.
    expected = pd.Series()

-- Docs: https://docs.pytest.org/en/stable/warnings.html
---- generated xml file: /home/cwm/git/bb.FLXSA/quant/arctic_878/junit.xml -----

---------- coverage: platform linux, python 3.6.12-final-0 -----------
Coverage HTML written to dir htmlcov
Coverage XML written to file coverage.xml

=========================== short test summary info ============================
FAILED tests/integration/test_arctic.py::test_indexes - AssertionError: asser...
FAILED tests/integration/chunkstore/test_chunkstore.py::test_overwrite_series
FAILED tests/integration/chunkstore/test_chunkstore.py::test_quarterly_data
FAILED tests/integration/chunkstore/test_fixes.py::test_date_interval - Asser...
FAILED tests/integration/chunkstore/test_fixes.py::test_missing_cols - Assert...
FAILED tests/integration/scripts/test_arctic_fsck.py::test_cleanup_orphaned_chunks[False-data6-FwPointersCfg.DISABLED]
FAILED tests/integration/scripts/test_arctic_fsck.py::test_cleanup_orphaned_chunks[False-data7-FwPointersCfg.HYBRID]
FAILED tests/integration/scripts/test_arctic_fsck.py::test_cleanup_orphaned_chunks[False-data8-FwPointersCfg.ENABLED]
FAILED tests/integration/scripts/test_arctic_fsck.py::test_cleanup_orphaned_chunks[False-data9-FwPointersCfg.DISABLED]
FAILED tests/integration/scripts/test_arctic_fsck.py::test_cleanup_orphaned_chunks[False-data10-FwPointersCfg.HYBRID]
FAILED tests/integration/scripts/test_arctic_fsck.py::test_cleanup_orphaned_chunks[False-data11-FwPointersCfg.ENABLED]
FAILED tests/integration/scripts/test_arctic_fsck.py::test_cleanup_orphaned_snapshots[False-data6-FwPointersCfg.DISABLED]
FAILED tests/integration/scripts/test_arctic_fsck.py::test_cleanup_orphaned_snapshots[False-data7-FwPointersCfg.HYBRID]
FAILED tests/integration/scripts/test_arctic_fsck.py::test_cleanup_orphaned_snapshots[False-data8-FwPointersCfg.ENABLED]
FAILED tests/integration/scripts/test_arctic_fsck.py::test_cleanup_orphaned_snapshots[False-data9-FwPointersCfg.DISABLED]
FAILED tests/integration/scripts/test_arctic_fsck.py::test_cleanup_orphaned_snapshots[False-data10-FwPointersCfg.HYBRID]
FAILED tests/integration/scripts/test_arctic_fsck.py::test_cleanup_orphaned_snapshots[False-data11-FwPointersCfg.ENABLED]
FAILED tests/integration/scripts/test_prune_versions.py::test_fix_broken_snapshot_references
FAILED tests/integration/scripts/test_prune_versions.py::test_keep_only_one_version
FAILED tests/integration/store/test_pandas_store.py::test_save_read_pandas_series_with_unicode_index_name
FAILED tests/integration/store/test_pandas_store.py::test_save_read_pandas_dataframe_with_unicode_index_name
FAILED tests/integration/store/test_pandas_store.py::test_daterange_large_DataFrame
FAILED tests/integration/store/test_pandas_store.py::test_daterange_large_DataFrame_middle
FAILED tests/integration/store/test_pandas_store.py::test_daterange[df0-assert_frame_equal]
FAILED tests/integration/store/test_pandas_store.py::test_daterange[df1-assert_series_equal]
FAILED tests/integration/store/test_pandas_store.py::test_daterange_append - ...
FAILED tests/integration/store/test_version_store.py::test_write_metadata[FwPointersCfg.DISABLED]
FAILED tests/integration/store/test_version_store.py::test_write_metadata[FwPointersCfg.HYBRID]
FAILED tests/integration/store/test_version_store.py::test_write_metadata[FwPointersCfg.ENABLED]
FAILED tests/integration/store/test_version_store.py::test_write_metadata_followed_by_append[FwPointersCfg.DISABLED]
FAILED tests/integration/store/test_version_store.py::test_write_metadata_followed_by_append[FwPointersCfg.HYBRID]
FAILED tests/integration/store/test_version_store.py::test_write_metadata_followed_by_append[FwPointersCfg.ENABLED]
FAILED tests/integration/store/test_version_store.py::test_write_metadata_purge_previous_versions[FwPointersCfg.DISABLED]
FAILED tests/integration/store/test_version_store.py::test_write_metadata_purge_previous_versions[FwPointersCfg.HYBRID]
FAILED tests/integration/store/test_version_store.py::test_write_metadata_purge_previous_versions[FwPointersCfg.ENABLED]
FAILED tests/integration/store/test_version_store.py::test_write_metadata_delete_symbol[FwPointersCfg.DISABLED]
FAILED tests/integration/store/test_version_store.py::test_write_metadata_delete_symbol[FwPointersCfg.HYBRID]
FAILED tests/integration/store/test_version_store.py::test_write_metadata_delete_symbol[FwPointersCfg.ENABLED]
FAILED tests/integration/store/test_version_store.py::test_write_metadata_snapshots[FwPointersCfg.DISABLED]
FAILED tests/integration/store/test_version_store.py::test_write_metadata_snapshots[FwPointersCfg.HYBRID]
FAILED tests/integration/store/test_version_store.py::test_write_metadata_snapshots[FwPointersCfg.ENABLED]
FAILED tests/integration/store/test_version_store.py::test_restore_version[FwPointersCfg.DISABLED]
FAILED tests/integration/store/test_version_store.py::test_restore_version[FwPointersCfg.HYBRID]
FAILED tests/integration/store/test_version_store.py::test_restore_version[FwPointersCfg.ENABLED]
FAILED tests/integration/store/test_version_store.py::test_restore_version_purging_previous_versions[FwPointersCfg.DISABLED]
FAILED tests/integration/store/test_version_store.py::test_restore_version_purging_previous_versions[FwPointersCfg.HYBRID]
FAILED tests/integration/store/test_version_store.py::test_restore_version_purging_previous_versions[FwPointersCfg.ENABLED]
FAILED tests/integration/store/test_version_store.py::test_restore_version_non_existent_version[FwPointersCfg.DISABLED]
FAILED tests/integration/store/test_version_store.py::test_restore_version_non_existent_version[FwPointersCfg.HYBRID]
FAILED tests/integration/store/test_version_store.py::test_restore_version_non_existent_version[FwPointersCfg.ENABLED]
FAILED tests/integration/store/test_version_store.py::test_restore_version_which_updated_only_metadata[FwPointersCfg.DISABLED]
FAILED tests/integration/store/test_version_store.py::test_restore_version_which_updated_only_metadata[FwPointersCfg.HYBRID]
FAILED tests/integration/store/test_version_store.py::test_restore_version_which_updated_only_metadata[FwPointersCfg.ENABLED]
FAILED tests/integration/store/test_version_store.py::test_restore_version_then_snapshot[FwPointersCfg.DISABLED]
FAILED tests/integration/store/test_version_store.py::test_restore_version_then_snapshot[FwPointersCfg.HYBRID]
FAILED tests/integration/store/test_version_store.py::test_restore_version_then_snapshot[FwPointersCfg.ENABLED]
FAILED tests/integration/store/test_version_store.py::test_restore_version_latest_snapshot_noop[FwPointersCfg.DISABLED]
FAILED tests/integration/store/test_version_store.py::test_restore_version_latest_snapshot_noop[FwPointersCfg.HYBRID]
FAILED tests/integration/store/test_version_store.py::test_restore_version_latest_snapshot_noop[FwPointersCfg.ENABLED]
FAILED tests/integration/store/test_version_store.py::test_restore_version_latest_version_noop[FwPointersCfg.DISABLED]
FAILED tests/integration/store/test_version_store.py::test_restore_version_latest_version_noop[FwPointersCfg.HYBRID]
FAILED tests/integration/store/test_version_store.py::test_restore_version_latest_version_noop[FwPointersCfg.ENABLED]
FAILED tests/integration/store/test_version_store.py::test_restore_version_snap_delete_symbol_restore[FwPointersCfg.DISABLED]
FAILED tests/integration/store/test_version_store.py::test_restore_version_snap_delete_symbol_restore[FwPointersCfg.HYBRID]
FAILED tests/integration/store/test_version_store.py::test_restore_version_snap_delete_symbol_restore[FwPointersCfg.ENABLED]
FAILED tests/integration/store/test_version_store.py::test_can_write_tz_aware_data_df[FwPointersCfg.DISABLED]
FAILED tests/integration/store/test_version_store.py::test_can_write_tz_aware_data_df[FwPointersCfg.HYBRID]
FAILED tests/integration/store/test_version_store.py::test_can_write_tz_aware_data_df[FwPointersCfg.ENABLED]
FAILED tests/integration/store/test_version_store.py::test_can_write_tz_aware_data_series[FwPointersCfg.DISABLED]
FAILED tests/integration/store/test_version_store.py::test_can_write_tz_aware_data_series[FwPointersCfg.HYBRID]
FAILED tests/integration/store/test_version_store.py::test_can_write_tz_aware_data_series[FwPointersCfg.ENABLED]
FAILED tests/integration/tickstore/test_toplevel.py::test_should_return_data_when_date_range_falls_in_a_single_underlying_library
FAILED tests/integration/tickstore/test_toplevel.py::test_should_return_data_when_date_range_spans_libraries
FAILED tests/integration/tickstore/test_toplevel.py::test_should_return_data_when_date_range_spans_libraries_even_if_one_returns_nothing
FAILED tests/integration/tickstore/test_toplevel.py::test_should_add_underlying_library_where_another_library_exists_in_a_non_overlapping_daterange
FAILED tests/integration/tickstore/test_toplevel.py::test_should_write_top_level_with_list_of_dicts
FAILED tests/integration/tickstore/test_toplevel.py::test_should_write_top_level_with_correct_timezone
FAILED tests/integration/tickstore/test_ts_read.py::test_date_range[tickstore]
FAILED tests/integration/tickstore/test_ts_read.py::test_date_range_end_not_in_range[tickstore]
FAILED tests/integration/tickstore/test_ts_read.py::test_date_range_no_bounds[tickstore]
FAILED tests/unit/store/test_version_store_audit.py::test_ArcticTransaction_detects_concurrent_writes
FAILED tests/unit/tickstore/test_tickstore.py::test_mongo_date_range_query - ...
FAILED tests/unit/tickstore/test_tickstore.py::test_tickstore_to_bucket_with_image
FAILED tests/unit/tickstore/test_tickstore.py::test_tickstore_pandas_to_bucket_image
