ERROR: InvocationError for command /home/cwm/git/bb.FLXSA/quant/arctic_878/.tox/dev36/bin/python setup.py test (exited with code 1)
30 failed
1286 passed
3 skipped
19 xfailed
1 xpassed
60735 warnings in 
4606.72s (1:16:46)

===============================================================================
=================================== FAILURES ===================================
>       assert chunk == {u'_id_': {u'key': [(u'_id', 1)], u'ns': u'arctic.library', u'v': index_version},
                         u'symbol_1_parent_1_segment_1': {u'background': True,
                                                          u'key': [(u'symbol', 1),
                                                                   (u'parent', 1),
                                                                   (u'segment', 1)],
                                                          u'ns': u'arctic.library',
                                                          u'unique': True,
                                                          u'v': index_version},
                         u'symbol_1_sha_1': {u'background': True,
                                             u'key': [(u'symbol', 1), (u'sha', 1)],
                                             u'ns': u'arctic.library',
                                             u'unique': True,
                                             u'v': index_version},
                         u'symbol_hashed': {u'background': True,
                                            u'key': [(u'symbol', u'hashed')],
                                            u'ns': u'arctic.library',
                                            u'v': index_version},
                         u'symbol_1_sha_1_segment_1': {u'background': True,
                                                       u'key': [(u'symbol', 1), (u'sha', 1), (u'segment', 1)],
                                                       u'ns': u'arctic.library',
                                                       u'unique': True,
                                                       u'v': index_version}}
E       AssertionError: assert {'_id_': {'ke... 'v': 2}, ...} == {'_id_': {'ke...ue, ...}, ...}
E         Differing items:
E         {'symbol_1_parent_1_segment_1': {'background': True, 'key': [('symbol', 1), ('parent', 1), ('segment', 1)], 'unique': True, 'v': 2}} != {'symbol_1_parent_1_segment_1': {'background': True, 'key': [('symbol', 1), ('parent', 1), ('segment', 1)], 'ns': 'arctic.library', 'unique': True, ...}}
E         {'symbol_1_sha_1_segment_1': {'background': True, 'key': [('symbol', 1), ('sha', 1), ('segment', 1)], 'unique': True, 'v': 2}} != {'symbol_1_sha_1_segment_1': {'background': True, 'key': [('symbol', 1), ('sha', 1), ('segment', 1)], 'ns': 'arctic.library', 'unique': True,...
E         
E         ...Full output truncated (5 lines hidden), use '-vv' to show

tests/integration/test_arctic.py:81: AssertionError                          x1
===============================================================================
>               assert mongo_count(library._collection) == 0
E               AssertionError: assert 1 == 0
E                +  where 1 = mongo_count(Collection(Database(MongoClient(host=['127.223.246.167:22687'], document_class=dict, tz_aware=False, connect=True), 'arctic_user'), 'library'))
E                +    where Collection(Database(MongoClient(host=['127.223.246.167:22687'], document_class=dict, tz_aware=False, connect=True), 'arctic_user'), 'library') = <VersionStore at 0x7efe3983fb00>\n    <ArcticLibrary at 0x7efe3983f5c0, arctic_user.library>\n        <Arctic at 0x7efe3983f358, connected to MongoClient(host=['127.223.246.167:22687'], document_class=dict, tz_aware=False, connect=True)>._collection

tests/integration/scripts/test_arctic_fsck.py:53: AssertionError             x6
===============================================================================
>               assert not len(library._collection.versions.find_one({})['parent'])
E               AssertionError: assert not 1
E                +  where 1 = len([ObjectId('600130160000000000000000')])

tests/integration/scripts/test_arctic_fsck.py:170: AssertionError            x6
===============================================================================
>       assert library._versions.find_one({"symbol": "cherry"}).get("parent", []) == []
E       AssertionError: assert [ObjectId('60...f11cbddc3ee')] == []
E         Left contains one more item: ObjectId('60013103a67c9f11cbddc3ee')
E         Use -v to get the full diff

tests/integration/scripts/test_prune_versions.py:63: AssertionError          x1
===============================================================================
>       assert len(list(library._versions.find({"symbol": "cherry"}))) == 1
E       AssertionError: assert 2 == 1
E        +  where 2 = len([{'_id': ObjectId('60028291a67c9f11cbddc3f7'), 'arctic_version': 1080000, 'data': 'blob', 'metadata': None, ...}, {'_id': ObjectId('60028291a67c9f11cbddc3f6'), 'arctic_version': 1080000, 'data': 'blob', 'metadata': None, ...}])
E        +    where [{'_id': ObjectId('60028291a67c9f11cbddc3f7'), 'arctic_version': 1080000, 'data': 'blob', 'metadata': None, ...}, {'_id': ObjectId('60028291a67c9f11cbddc3f6'), 'arctic_version': 1080000, 'data': 'blob', 'metadata': None, ...}] = list(<pymongo.cursor.Cursor object at 0x7efe395e3f98>)
E        +      where <pymongo.cursor.Cursor object at 0x7efe395e3f98> = <bound method Collection.find of Collection(Database(MongoClient(host=['127.223.246.167:20342'], document_class=dict, tz_aware=False, connect=True), 'arctic_test'), 'TEST.versions')>({'symbol': 'cherry'})
E        +        where <bound method Collection.find of Collection(Database(MongoClient(host=['127.223.246.167:20342'], document_class=dict, tz_aware=False, connect=True), 'arctic_test'), 'TEST.versions')> = Collection(Database(MongoClient(host=['127.223.246.167:20342'], document_class=dict, tz_aware=False, connect=True), 'arctic_test'), 'TEST.versions').find
E        +          where Collection(Database(MongoClient(host=['127.223.246.167:20342'], document_class=dict, tz_aware=False, connect=True), 'arctic_test'), 'TEST.versions') = <VersionStore at 0x7efe396caac8>\n    <ArcticLibrary at 0x7efe396ca860, arctic_test.TEST>\n        <Arctic at 0x7efe395b9518, connected to MongoClient(host=['127.223.246.167:20342'], document_class=dict, tz_aware=False, connect=True)>._versions

tests/integration/scripts/test_prune_versions.py:76: AssertionError          x1
===============================================================================
>       saved_df = library.read('pandas').data

tests/integration/store/test_pandas_store.py:75:                             x1
===============================================================================
arctic/store/version_store.py:369: in read
    date_range=date_range, read_preference=read_preference, **kwargs)
arctic/store/version_store.py:453: in _do_read
    data = handler.read(self._arctic_lib, version, symbol, from_version=from_version, **kwargs)
arctic/store/_pandas_ndarray_store.py:175: in read
    return self.SERIALIZER.deserialize(item, force_bytes_to_unicode=force_bytes_to_unicode)
arctic/serialization/numpy_records.py:233: in deserialize
    index = self._index_from_records(item)
arctic/serialization/numpy_records.py:99: in _index_from_records
    rtn = rtn.tz_localize('UTC').tz_convert(recarr.dtype.metadata['index_tz'])
.tox/dev36/lib/python3.6/site-packages/pandas/core/indexes/extension.py:78: in method
    result = attr(self._data, *args, **kwargs)
.tox/dev36/lib/python3.6/site-packages/pandas/core/arrays/datetimes.py:798: in tz_convert
    tz = timezones.maybe_get_tz(tz)
pandas/_libs/tslibs/timezones.pyx:91: in pandas._libs.tslibs.timezones.maybe_get_tz
    ???
_ _ _ _ _ _ _ _ _ _ _ _ _ _ _ _ _ _ _ _ _ _ _ _ _ _ _ _ _ _ _ _ _ _ _ _ _ _ _ _ 

>   ???
E   TypeError: <class 'list'>

pandas/_libs/tslibs/timezones.pyx:114: TypeError                             x2
===============================================================================
>       saved_df = library.read('pandas').data

tests/integration/store/test_pandas_store.py:99:                             x1
===============================================================================
>       assert_frame_equal(df, res.tz_convert(mktz('Europe/London')))
E       AssertionError: DataFrame are different
E       
E       DataFrame shape mismatch
E       [left]:  (6, 4)
E       [right]: (5, 4)

tests/integration/tickstore/test_toplevel.py:65: AssertionError              x1
===============================================================================
>       assert_frame_equal(expected_df, res.tz_convert(mktz('Europe/London')))
E       AssertionError: DataFrame are different
E       
E       DataFrame shape mismatch
E       [left]:  (9, 4)
E       [right]: (7, 4)

tests/integration/tickstore/test_toplevel.py:83: AssertionError              x1
===============================================================================
>       assert_frame_equal(expected_df, res.tz_convert(mktz('Europe/London')))
E       AssertionError: DataFrame are different
E       
E       DataFrame shape mismatch
E       [left]:  (5, 4)
E       [right]: (4, 4)

tests/integration/tickstore/test_toplevel.py:101: AssertionError             x1
===============================================================================
>       toplevel_tickstore.add(DateRange(start=dt(2010, 1, 1), end=dt(2010, 12, 31, 23, 59, 59, 999000)), 'FEED_2010.LEVEL1')

tests/integration/tickstore/test_toplevel.py:113:                            x1
===============================================================================
>   overlapping libraries: {}""".format(library_name, [lib.library for lib in library_metadata]))
E   arctic.exceptions.OverlappingDataException: There are libraries that overlap with the date range:
E   library: FEED_2010.LEVEL1
E   overlapping libraries: ['FEED_2011.LEVEL1']

arctic/tickstore/toplevel.py:101: OverlappingDataException                   x1
===============================================================================
>       assert_frame_equal(expected, res.tz_convert(mktz('Europe/London')))
E       AssertionError: DataFrame are different
E       
E       DataFrame shape mismatch
E       [left]:  (57, 1)
E       [right]: (55, 1)

tests/integration/tickstore/test_toplevel.py:197: AssertionError             x1
===============================================================================
>       assert_frame_equal(expected, res)
E       AssertionError: DataFrame are different
E       
E       DataFrame shape mismatch
E       [left]:  (10, 1)
E       [right]: (9, 1)

tests/integration/tickstore/test_toplevel.py:215: AssertionError             x1
===============================================================================
>       assert_array_equal(df['a'].values, np.array([1, np.nan, np.nan]))
E       AssertionError: 
E       Arrays are not equal
E       
E       (shapes (2,), (3,) mismatch)
E        x: array([nan, nan])
E        y: array([ 1., nan, nan])

tests/integration/tickstore/test_ts_read.py:234: AssertionError              x1
===============================================================================
>           assert_array_equal(df['b'].values, np.array([2.]))
E           AssertionError: 
E           Arrays are not equal
E           
E           Mismatched elements: 1 / 1 (100%)
E           Max absolute difference: 1.
E           Max relative difference: 0.5
E            x: array([3.])
E            y: array([2.])

tests/integration/tickstore/test_ts_read.py:300: AssertionError              x1
===============================================================================
>       assert_array_equal(df['b'].values, np.array([2., 4.]))
E       AssertionError: 
E       Arrays are not equal
E       
E       (shapes (1,), (2,) mismatch)
E        x: array([4.])
E        y: array([2., 4.])

tests/integration/tickstore/test_ts_read.py:369: AssertionError              x1
===============================================================================
>       vs._delete_version.assert_called_once_with(sentinel.symbol, 3)

tests/unit/store/test_version_store_audit.py:221:                            x1
===============================================================================
>           raise AssertionError(msg)
E           AssertionError: Expected '_delete_version' to be called once. Called 0 times.

.eggs/mock-4.0.3-py3.6.egg/mock/mock.py:925: AssertionError                  x1
===============================================================================
2021-01-15 23:55:05,381 INFO arctic.store.audit MT: None@None: [sentinel.user] sentinel.log: sentinel.symbol
Exception in thread Thread-773:
Traceback (most recent call last):
  File "/usr/lib/python3.6/threading.py", line 916, in _bootstrap_inner
    self.run()
  File "/usr/lib/python3.6/threading.py", line 864, in run
    self._target(*self._args, **self._kwargs)
  File "/home/cwm/git/bb.FLXSA/quant/arctic_878/tests/unit/store/test_version_store_audit.py", line 197, in losing_writer
    with pytest.raises(ArcticTransaction):
  File "/home/cwm/git/bb.FLXSA/quant/arctic_878/.eggs/pytest-6.2.1-py3.6.egg/_pytest/python_api.py", line 719, in raises
    raise TypeError(msg.format(not_a))
TypeError: expected exception must be a BaseException type, not ArcticTransaction
                                                                             x1
===============================================================================
>       assert query == {'s': {'$gte': dt(2014, 1, 1, 12, 0, tzinfo=mktz()), '$lte': dt(2014, 1, 3, 0, 0, tzinfo=mktz())}}
E       AssertionError: assert {'s': {'$gte'...ca/Denver'))}} == {'s': {'$gte'...ca/Denver'))}}
E         Differing items:
E         {'s': {'$gte': datetime.datetime(2014, 1, 1, 12, 0, tzinfo=tzfile('/usr/share/zoneinfo/UTC')), '$lte': datetime.datetime(2014, 1, 3, 0, 0, tzinfo=tzfile('/usr/share/zoneinfo/America/Denver'))}} != {'s': {'$gte': datetime.datetime(2014, 1, 1, 12, 0, tzinfo=tzfile('/usr/share/zoneinfo/America/Denver')), '$lte': datetime.datetime(2014, 1, 3, 0, 0, tzinfo=tzfile('/usr/share/zoneinfo/America/Denver'))}}
E         Use -v to get the full diff

tests/unit/tickstore/test_tickstore.py:43: AssertionError                    x1
===============================================================================
>       assert index == [i['index'] for i in data]
E       AssertionError: assert [datetime.dat...neinfo/UTC'))] == [datetime.dat...neinfo/UTC'))]
E         At index 0 diff: datetime.datetime(2013, 12, 31, 17, 1, tzinfo=tzfile('/usr/share/zoneinfo/UTC')) != datetime.datetime(2014, 1, 1, 0, 1, tzinfo=tzfile('/usr/share/zoneinfo/UTC'))
E         Use -v to get the full diff

tests/unit/tickstore/test_tickstore.py:97: AssertionError                    x1
===============================================================================
>       assert index == tick_index
E       AssertionError: assert [datetime.dat...neinfo/UTC'))] == [datetime.dat...neinfo/UTC'))]
E         At index 0 diff: datetime.datetime(2014, 1, 1, 17, 0, tzinfo=tzfile('/usr/share/zoneinfo/UTC')) != datetime.datetime(2014, 1, 2, 0, 0, tzinfo=tzfile('/usr/share/zoneinfo/UTC'))
E         Use -v to get the full diff

tests/unit/tickstore/test_tickstore.py:162: AssertionError                   x1
===============================================================================
=============================== warnings summary ===============================
arctic/_util.py:6
  /home/cwm/git/bb.FLXSA/quant/arctic_878/arctic/_util.py:6: FutureWarning: pandas.util.testing is deprecated. Use the functions in the public API at pandas.testing instead.
    from pandas.util.testing import assert_frame_equal

tests/integration/test_arctic.py: 4 warnings
tests/integration/test_concurrent_append.py: 1 warning
tests/integration/test_howtos.py: 3 warnings
tests/integration/scripts/test_arctic_fsck.py: 45 warnings
tests/integration/scripts/test_copy_data.py: 23 warnings
tests/integration/store/test_bitemporal_store.py: 43 warnings
tests/integration/store/test_ndarray_store.py: 37 warnings
tests/integration/store/test_ndarray_store_append.py: 69 warnings
tests/integration/store/test_pandas_store.py: 378 warnings
tests/integration/store/test_version_store.py: 653 warnings
tests/integration/store/test_version_store_audit.py: 29 warnings
tests/integration/store/test_version_store_corruption.py: 14 warnings
  /home/cwm/git/bb.FLXSA/quant/arctic_878/arctic/store/_ndarray_store.py:600: DeprecationWarning: tostring() is deprecated. Use tobytes() instead.
    sha.update(item.tostring())

tests/integration/test_arctic.py: 3 warnings
tests/integration/test_howtos.py: 3 warnings
tests/integration/scripts/test_arctic_fsck.py: 42 warnings
tests/integration/scripts/test_copy_data.py: 21 warnings
tests/integration/store/test_bitemporal_store.py: 29 warnings
tests/integration/store/test_ndarray_store.py: 828 warnings
tests/integration/store/test_ndarray_store_append.py: 314 warnings
tests/integration/store/test_pandas_store.py: 285 warnings
tests/integration/store/test_version_store.py: 573 warnings
tests/integration/store/test_version_store_audit.py: 21 warnings
tests/integration/store/test_version_store_corruption.py: 18 warnings
  /home/cwm/git/bb.FLXSA/quant/arctic_878/arctic/store/_ndarray_store.py:657: DeprecationWarning: tostring() is deprecated. Use tobytes() instead.
    chunks = [(item[i * rows_per_chunk: (i + 1) * rows_per_chunk]).tostring() for i in idxs]

tests/integration/test_arctic.py: 3 warnings
tests/integration/test_howtos.py: 3 warnings
tests/integration/scripts/test_arctic_fsck.py: 42 warnings
tests/integration/scripts/test_copy_data.py: 21 warnings
tests/integration/store/test_bitemporal_store.py: 29 warnings
tests/integration/store/test_pandas_store.py: 39 warnings
tests/integration/store/test_version_store.py: 1979 warnings
tests/integration/store/test_version_store_audit.py: 21 warnings
tests/integration/store/test_version_store_corruption.py: 138 warnings
  /home/cwm/git/bb.FLXSA/quant/arctic_878/arctic/store/_pandas_ndarray_store.py:58: DeprecationWarning: tostring() is deprecated. Use tobytes() instead.
    return Binary(compress(index.tostring()))

tests/integration/test_arctic.py: 5 warnings
tests/integration/scripts/test_delete_library.py: 5 warnings
  /home/cwm/git/bb.FLXSA/quant/arctic_878/arctic/_cache.py:120: DeprecationWarning: update is deprecated. Use replace_one, update_one or update_many instead.
    {"$pull": {"data": item}}

tests/integration/test_arctic.py::test_list_libraries_cached
  /home/cwm/git/bb.FLXSA/quant/arctic_878/tests/integration/test_arctic.py:250: DeprecationWarning: remove is deprecated. Use delete_one or delete_many instead.
    arctic._conn.meta_db.cache.remove({})

tests/integration/chunkstore/test_chunkstore.py: 9982 warnings
tests/integration/chunkstore/test_fixes.py: 107 warnings
tests/integration/chunkstore/test_utils.py: 2 warnings
tests/integration/chunkstore/tools/test_tools.py: 52 warnings
tests/unit/serialization/test_numpy_arrays.py: 26 warnings
  /home/cwm/git/bb.FLXSA/quant/arctic_878/arctic/serialization/numpy_arrays.py:119: DeprecationWarning: tostring() is deprecated. Use tobytes() instead.
    arrays.append(arr.tostring())

tests/integration/store/test_ndarray_store.py: 3 warnings
tests/integration/store/test_ndarray_store_append.py: 583 warnings
tests/integration/store/test_pandas_store.py: 21 warnings
tests/integration/store/test_version_store.py: 1546 warnings
tests/integration/store/test_version_store_corruption.py: 124 warnings
  /home/cwm/git/bb.FLXSA/quant/arctic_878/arctic/store/_ndarray_store.py:449: DeprecationWarning: tostring() is deprecated. Use tobytes() instead.
    data = item.tostring()

tests/integration/store/test_ndarray_store.py::test_save_read_large_ndarray
  /home/cwm/git/bb.FLXSA/quant/arctic_878/tests/integration/store/test_ndarray_store.py:146: DeprecationWarning: tostring() is deprecated. Use tobytes() instead.
    assert len(ndarr.tostring()) > 16 * 1024 * 1024                         # FIXME: deprecated tostring

tests/integration/store/test_pandas_store.py::test_save_read_pandas_empty_series_with_datetime_multiindex_with_timezone
  /home/cwm/git/bb.FLXSA/quant/arctic_878/tests/integration/store/test_pandas_store.py:147: DeprecationWarning: The default dtype for empty Series will be 'object' instead of 'float64' in a future version. Specify a dtype explicitly to silence this warning.
    df = Series(data=[], index=empty_index)

tests/integration/store/test_pandas_store.py::test_duplicate_labels
tests/integration/store/test_pandas_store.py::test_duplicate_labels
tests/integration/store/test_pandas_store.py::test_duplicate_labels
tests/integration/store/test_pandas_store.py::test_duplicate_labels
  /home/cwm/git/bb.FLXSA/quant/arctic_878/.tox/dev36/lib/python3.6/site-packages/numpy/core/numeric.py:2378: DeprecationWarning: elementwise comparison failed; this will raise an error in the future.
    return bool(asarray(a1 == a2).all())

tests/integration/store/test_pickle_store.py::test_bson_large_object
  /home/cwm/git/bb.FLXSA/quant/arctic_878/tests/integration/store/test_pickle_store.py:53: DeprecationWarning: tostring() is deprecated. Use tobytes() instead.
    'large_thing': np.random.rand(int(2.1 * 1024 * 1024)).tostring()}       # FIXME: deprecated tostring

tests/integration/tickstore/test_toplevel.py: 44 warnings
tests/integration/tickstore/test_ts_read.py: 5 warnings
tests/integration/tickstore/test_ts_write.py: 2 warnings
tests/unit/tickstore/test_tickstore.py: 1 warning
  /home/cwm/git/bb.FLXSA/quant/arctic_878/arctic/tickstore/tickstore.py:707: DeprecationWarning: tostring() is deprecated. Use tobytes() instead.
    rowmask = Binary(lz4_compressHC(np.packbits(np.ones(len(df), dtype='uint8')).tostring()))

tests/integration/tickstore/test_toplevel.py: 176 warnings
tests/integration/tickstore/test_ts_read.py: 6 warnings
tests/integration/tickstore/test_ts_write.py: 6 warnings
tests/unit/tickstore/test_tickstore.py: 3 warnings
  /home/cwm/git/bb.FLXSA/quant/arctic_878/arctic/tickstore/tickstore.py:718: DeprecationWarning: tostring() is deprecated. Use tobytes() instead.
    DATA: Binary(lz4_compressHC(array.tostring())),

tests/integration/tickstore/test_toplevel.py: 44 warnings
tests/integration/tickstore/test_ts_read.py: 4 warnings
tests/integration/tickstore/test_ts_write.py: 2 warnings
tests/unit/tickstore/test_tickstore.py: 1 warning
  /home/cwm/git/bb.FLXSA/quant/arctic_878/arctic/tickstore/tickstore.py:727: DeprecationWarning: tostring() is deprecated. Use tobytes() instead.
    recs[index_name].astype('datetime64[ms]').view('uint64')))).tostring()))

tests/integration/tickstore/test_toplevel.py: 4 warnings
tests/integration/tickstore/test_ts_delete.py: 12 warnings
tests/integration/tickstore/test_ts_read.py: 136 warnings
tests/integration/tickstore/test_ts_write.py: 18 warnings
tests/unit/tickstore/test_tickstore.py: 8 warnings
  /home/cwm/git/bb.FLXSA/quant/arctic_878/arctic/tickstore/tickstore.py:758: DeprecationWarning: tostring() is deprecated. Use tobytes() instead.
    for k, v in iteritems(rowmask)])

tests/integration/tickstore/test_toplevel.py: 4 warnings
tests/integration/tickstore/test_ts_delete.py: 12 warnings
tests/integration/tickstore/test_ts_read.py: 136 warnings
tests/integration/tickstore/test_ts_write.py: 18 warnings
tests/unit/tickstore/test_tickstore.py: 8 warnings
  /home/cwm/git/bb.FLXSA/quant/arctic_878/arctic/tickstore/tickstore.py:763: DeprecationWarning: tostring() is deprecated. Use tobytes() instead.
    rtn[COLUMNS][k] = {DATA: Binary(lz4_compressHC(v.tostring())),

tests/integration/tickstore/test_toplevel.py: 4 warnings
tests/integration/tickstore/test_ts_delete.py: 6 warnings
tests/integration/tickstore/test_ts_read.py: 38 warnings
tests/integration/tickstore/test_ts_write.py: 7 warnings
tests/unit/tickstore/test_tickstore.py: 2 warnings
  /home/cwm/git/bb.FLXSA/quant/arctic_878/arctic/tickstore/tickstore.py:776: DeprecationWarning: tostring() is deprecated. Use tobytes() instead.
    rtn[INDEX] = Binary(lz4_compressHC(np.concatenate(([data['index'][0]], np.diff(data['index']))).tostring()))

tests/unit/chunkstore/test_passthrough_chunker.py::test_pass_thru
  /home/cwm/git/bb.FLXSA/quant/arctic_878/arctic/chunkstore/passthrough_chunker.py:75: DeprecationWarning: The default dtype for empty Series will be 'object' instead of 'float64' in a future version. Specify a dtype explicitly to silence this warning.
    return Series()

tests/unit/chunkstore/test_passthrough_chunker.py::test_pass_thru
  /home/cwm/git/bb.FLXSA/quant/arctic_878/tests/unit/chunkstore/test_passthrough_chunker.py:18: DeprecationWarning: The default dtype for empty Series will be 'object' instead of 'float64' in a future version. Specify a dtype explicitly to silence this warning.
    assert(p.exclude(Series([1, 2, 3]), None).equals(Series()))

tests/unit/serialization/test_incremental.py: 41846 warnings
  /home/cwm/git/bb.FLXSA/quant/arctic_878/arctic/serialization/incremental.py:223: DeprecationWarning: tostring() is deprecated. Use tobytes() instead.
    chunk = chunk.tostring() if chunk is not None and get_bytes else chunk

tests/unit/serialization/test_numpy_arrays.py::test_string_cols_with_nans
tests/unit/serialization/test_numpy_arrays.py::test_objify_with_missing_columns
  /home/cwm/git/bb.FLXSA/quant/arctic_878/arctic/serialization/numpy_arrays.py:118: DeprecationWarning: tostring() is deprecated. Use tobytes() instead.
    masks[str(c)] = Binary(compress(mask.tostring()))

tests/unit/store/test_pickle_store.py::test_unpickle_highest_protocol
  /home/cwm/git/bb.FLXSA/quant/arctic_878/tests/unit/store/test_pickle_store.py:121: DeprecationWarning: The default dtype for empty Series will be 'object' instead of 'float64' in a future version. Specify a dtype explicitly to silence this warning.
    'blob': compressHC(cPickle.dumps(pd.Series(), protocol=cPickle.HIGHEST_PROTOCOL)),

tests/unit/store/test_pickle_store.py::test_unpickle_highest_protocol
  /home/cwm/git/bb.FLXSA/quant/arctic_878/tests/unit/store/test_pickle_store.py:127: DeprecationWarning: The default dtype for empty Series will be 'object' instead of 'float64' in a future version. Specify a dtype explicitly to silence this warning.
    expected = pd.Series()

-- Docs: https://docs.pytest.org/en/stable/warnings.html
---- generated xml file: /home/cwm/git/bb.FLXSA/quant/arctic_878/junit.xml -----

---------- coverage: platform linux, python 3.6.12-final-0 -----------
Coverage HTML written to dir htmlcov
Coverage XML written to file coverage.xml

=========================== short test summary info ============================
FAILED tests/integration/test_arctic.py::test_indexes - AssertionError: asser...
FAILED tests/integration/scripts/test_arctic_fsck.py::test_cleanup_orphaned_chunks[False-data6-FwPointersCfg.DISABLED]
FAILED tests/integration/scripts/test_arctic_fsck.py::test_cleanup_orphaned_chunks[False-data7-FwPointersCfg.HYBRID]
FAILED tests/integration/scripts/test_arctic_fsck.py::test_cleanup_orphaned_chunks[False-data8-FwPointersCfg.ENABLED]
FAILED tests/integration/scripts/test_arctic_fsck.py::test_cleanup_orphaned_chunks[False-data9-FwPointersCfg.DISABLED]
FAILED tests/integration/scripts/test_arctic_fsck.py::test_cleanup_orphaned_chunks[False-data10-FwPointersCfg.HYBRID]
FAILED tests/integration/scripts/test_arctic_fsck.py::test_cleanup_orphaned_chunks[False-data11-FwPointersCfg.ENABLED]
FAILED tests/integration/scripts/test_arctic_fsck.py::test_cleanup_orphaned_snapshots[False-data6-FwPointersCfg.DISABLED]
FAILED tests/integration/scripts/test_arctic_fsck.py::test_cleanup_orphaned_snapshots[False-data7-FwPointersCfg.HYBRID]
FAILED tests/integration/scripts/test_arctic_fsck.py::test_cleanup_orphaned_snapshots[False-data8-FwPointersCfg.ENABLED]
FAILED tests/integration/scripts/test_arctic_fsck.py::test_cleanup_orphaned_snapshots[False-data9-FwPointersCfg.DISABLED]
FAILED tests/integration/scripts/test_arctic_fsck.py::test_cleanup_orphaned_snapshots[False-data10-FwPointersCfg.HYBRID]
FAILED tests/integration/scripts/test_arctic_fsck.py::test_cleanup_orphaned_snapshots[False-data11-FwPointersCfg.ENABLED]
FAILED tests/integration/scripts/test_prune_versions.py::test_fix_broken_snapshot_references
FAILED tests/integration/scripts/test_prune_versions.py::test_keep_only_one_version
FAILED tests/integration/store/test_pandas_store.py::test_save_read_pandas_series_with_unicode_index_name
FAILED tests/integration/store/test_pandas_store.py::test_save_read_pandas_dataframe_with_unicode_index_name
FAILED tests/integration/tickstore/test_toplevel.py::test_should_return_data_when_date_range_falls_in_a_single_underlying_library
FAILED tests/integration/tickstore/test_toplevel.py::test_should_return_data_when_date_range_spans_libraries
FAILED tests/integration/tickstore/test_toplevel.py::test_should_return_data_when_date_range_spans_libraries_even_if_one_returns_nothing
FAILED tests/integration/tickstore/test_toplevel.py::test_should_add_underlying_library_where_another_library_exists_in_a_non_overlapping_daterange
FAILED tests/integration/tickstore/test_toplevel.py::test_should_write_top_level_with_list_of_dicts
FAILED tests/integration/tickstore/test_toplevel.py::test_should_write_top_level_with_correct_timezone
FAILED tests/integration/tickstore/test_ts_read.py::test_date_range[tickstore]
FAILED tests/integration/tickstore/test_ts_read.py::test_date_range_end_not_in_range[tickstore]
FAILED tests/integration/tickstore/test_ts_read.py::test_date_range_no_bounds[tickstore]
FAILED tests/unit/store/test_version_store_audit.py::test_ArcticTransaction_detects_concurrent_writes
FAILED tests/unit/tickstore/test_tickstore.py::test_mongo_date_range_query - ...
FAILED tests/unit/tickstore/test_tickstore.py::test_tickstore_to_bucket_with_image
FAILED tests/unit/tickstore/test_tickstore.py::test_tickstore_pandas_to_bucket_image
===============================================================================
