travis_fold:start:worker_info[0K[33;1mWorker information[0m
hostname: 4151c4eb-25d3-4886-825a-295869bee3a0@1.worker-org-cfdfb76bd-5945z.gce-production-4
version: v6.2.20-1-g3a987d6 https://github.com/travis-ci/worker/tree/3a987d61ed169c9539ad435d1a9b5f2d8c6ce4a6
instance: travis-job-22599645-6418-4988-b104-a2c70d704305 travis-ci-sardonyx-xenial-1593004276-4d46c6b3 (via amqp)
startup: 6.32102082s
travis_fold:end:worker_info[0Ktravis_time:start:0136f181[0Ktravis_time:end:0136f181:start=1609173170556774353,finish=1609173170718860834,duration=162086481,event=no_world_writable_dirs[0Ktravis_time:start:01184106[0Ktravis_time:end:01184106:start=1609173170722593140,finish=1609173170732197907,duration=9604767,event=agent[0Ktravis_time:start:05e8ae34[0Ktravis_time:end:05e8ae34:start=1609173170736136797,finish=1609173170739350745,duration=3213948,event=check_unsupported[0Ktravis_time:start:03512f07[0Ktravis_fold:start:system_info[0K[33;1mBuild system information[0m
Build language: python
Build dist: xenial
Build id: 751835584
Job id: 751835587
Runtime kernel version: 4.15.0-1077-gcp
travis-build version: 53b53106
[34m[1mBuild image provisioning date and time[0m
Wed Jun 24 13:36:52 UTC 2020
[34m[1mOperating System Details[0m
Distributor ID:	Ubuntu
Description:	Ubuntu 16.04.6 LTS
Release:	16.04
Codename:	xenial
[34m[1mSystemd Version[0m
systemd 229
[34m[1mCookbooks Version[0m
3f92a99 https://github.com/travis-ci/travis-cookbooks/tree/3f92a99
[34m[1mgit version[0m
git version 2.27.0
[34m[1mbash version[0m
GNU bash, version 4.3.48(1)-release (x86_64-pc-linux-gnu)
[34m[1mgcc version[0m
gcc (Ubuntu 5.4.0-6ubuntu1~16.04.12) 5.4.0 20160609
[34m[1mdocker version[0m
Client:
 Version:           18.06.0-ce
 API version:       1.38
 Go version:        go1.10.3
 Git commit:        0ffa825
 Built:             Wed Jul 18 19:11:02 2018
 OS/Arch:           linux/amd64
 Experimental:      false

Server:
 Engine:
  Version:          18.06.0-ce
  API version:      1.38 (minimum version 1.12)
  Go version:       go1.10.3
  Git commit:       0ffa825
  Built:            Wed Jul 18 19:09:05 2018
  OS/Arch:          linux/amd64
  Experimental:     false
[34m[1mclang version[0m
clang version 7.0.0 (tags/RELEASE_700/final)
[34m[1mjq version[0m
jq-1.5
[34m[1mbats version[0m
Bats 0.4.0
[34m[1mshellcheck version[0m
0.7.0
[34m[1mshfmt version[0m
v2.6.3
[34m[1mccache version[0m
3.2.4
[34m[1mcmake version[0m
cmake version 3.12.4
[34m[1mheroku version[0m
heroku/7.42.1 linux-x64 node-v12.16.2
[34m[1mimagemagick version[0m
Version: ImageMagick 6.8.9-9 Q16 x86_64 2019-11-12 http://www.imagemagick.org
[34m[1mmd5deep version[0m
4.4
[34m[1mmercurial version[0m
version 4.8
[34m[1mmysql version[0m
mysql  Ver 14.14 Distrib 5.7.30, for Linux (x86_64) using  EditLine wrapper
[34m[1mopenssl version[0m
OpenSSL 1.0.2g  1 Mar 2016
[34m[1mpacker version[0m
1.3.3
[34m[1mpostgresql client version[0m
psql (PostgreSQL) 10.13 (Ubuntu 10.13-1.pgdg16.04+1)
[34m[1mragel version[0m
Ragel State Machine Compiler version 6.8 Feb 2013
[34m[1msudo version[0m
1.8.16
[34m[1mgzip version[0m
gzip 1.6
[34m[1mzip version[0m
Zip 3.0
[34m[1mvim version[0m
VIM - Vi IMproved 7.4 (2013 Aug 10, compiled Mar 18 2020 14:06:17)
[34m[1miptables version[0m
iptables v1.6.0
[34m[1mcurl version[0m
curl 7.47.0 (x86_64-pc-linux-gnu) libcurl/7.47.0 GnuTLS/3.4.10 zlib/1.2.8 libidn/1.32 librtmp/2.3
[34m[1mwget version[0m
GNU Wget 1.17.1 built on linux-gnu.
[34m[1mrsync version[0m
rsync  version 3.1.1  protocol version 31
[34m[1mgimme version[0m
v1.5.4
[34m[1mnvm version[0m
0.35.3
[34m[1mperlbrew version[0m
/home/travis/perl5/perlbrew/bin/perlbrew  - App::perlbrew/0.88
[34m[1mphpenv version[0m
rbenv 1.1.2-30-gc879cb0
[34m[1mrvm version[0m
rvm 1.29.10 (latest) by Michal Papis, Piotr Kuczynski, Wayne E. Seguin [https://rvm.io]
[34m[1mdefault ruby version[0m
ruby 2.5.3p105 (2018-10-18 revision 65156) [x86_64-linux]
[34m[1mCouchDB version[0m
couchdb 1.6.1
[34m[1mElasticSearch version[0m
5.5.0
[34m[1mInstalled Firefox version[0m
firefox 63.0.1
[34m[1mMongoDB version[0m
MongoDB 4.0.19
[34m[1mPhantomJS version[0m
2.1.1
[34m[1mPre-installed PostgreSQL versions[0m
9.4.26
9.5.22
9.6.18
[34m[1mRedis version[0m
redis-server 6.0.5
[34m[1mPre-installed Go versions[0m
1.11.1
[34m[1mant version[0m
Apache Ant(TM) version 1.9.6 compiled on July 20 2018
[34m[1mmvn version[0m
Apache Maven 3.6.3 (cecedd343002696d0abb50b32b541b8a6ba2883f)
[34m[1mgradle version[0m
Gradle 5.1.1!
[34m[1mlein version[0m
Leiningen 2.9.3 on Java 11.0.2 OpenJDK 64-Bit Server VM
[34m[1mPre-installed Node.js versions[0m
v10.21.0
v11.0.0
v12.18.1
v4.9.1
v6.17.1
v8.12.0
v8.17.0
v8.9
[34m[1mphpenv versions[0m
  system
  5.6
  5.6.40
  7.1
  7.1.27
  7.2
* 7.2.15 (set by /home/travis/.phpenv/version)
  hhvm
  hhvm-stable
[34m[1mcomposer --version[0m
Composer version 1.8.4 2019-02-11 10:52:10
[34m[1mPre-installed Ruby versions[0m
ruby-2.3.8
ruby-2.4.5
ruby-2.5.3
travis_fold:end:system_info[0K
travis_time:end:03512f07:start=1609173170743284587,finish=1609173170752141744,duration=8857157,event=show_system_info[0Ktravis_time:start:1affb1b8[0Ktravis_time:end:1affb1b8:start=1609173170756392471,finish=1609173170769806559,duration=13414088,event=rm_riak_source[0Ktravis_time:start:18f75cf9[0Ktravis_time:end:18f75cf9:start=1609173170773497248,finish=1609173170783157164,duration=9659916,event=fix_rwky_redis[0Ktravis_time:start:0bf767d7[0Ktravis_time:end:0bf767d7:start=1609173170786720821,finish=1609173171400773970,duration=614053149,event=wait_for_network[0Ktravis_time:start:2ec57e45[0Ktravis_time:end:2ec57e45:start=1609173171404015959,finish=1609173171624722816,duration=220706857,event=update_apt_keys[0Ktravis_time:start:0eadadfc[0Ktravis_time:end:0eadadfc:start=1609173171628259118,finish=1609173171682106642,duration=53847524,event=fix_hhvm_source[0Ktravis_time:start:36ad3988[0Ktravis_time:end:36ad3988:start=1609173171685517986,finish=1609173171688306792,duration=2788806,event=update_mongo_arch[0Ktravis_time:start:397a74b4[0Ktravis_time:end:397a74b4:start=1609173171691413252,finish=1609173171733323679,duration=41910427,event=fix_sudo_enabled_trusty[0Ktravis_time:start:117d36f0[0Ktravis_time:end:117d36f0:start=1609173171736705622,finish=1609173171739167050,duration=2461428,event=update_glibc[0Ktravis_time:start:0ed8b98c[0Ktravis_time:end:0ed8b98c:start=1609173171742448621,finish=1609173171750679442,duration=8230821,event=clean_up_path[0Ktravis_time:start:0d99e220[0Ktravis_time:end:0d99e220:start=1609173171753838152,finish=1609173171762235870,duration=8397718,event=fix_resolv_conf[0Ktravis_time:start:0cf2dee9[0Ktravis_time:end:0cf2dee9:start=1609173171765475010,finish=1609173171775013577,duration=9538567,event=fix_etc_hosts[0Ktravis_time:start:34be919e[0Ktravis_time:end:34be919e:start=1609173171778623568,finish=1609173171790795243,duration=12171675,event=fix_mvn_settings_xml[0Ktravis_time:start:05386f22[0Ktravis_time:end:05386f22:start=1609173171794075927,finish=1609173171803870402,duration=9794475,event=no_ipv6_localhost[0Ktravis_time:start:29cc6450[0Ktravis_time:end:29cc6450:start=1609173171807144497,finish=1609173171809423013,duration=2278516,event=fix_etc_mavenrc[0Ktravis_time:start:145d1488[0Ktravis_time:end:145d1488:start=1609173171812430387,finish=1609173171815485687,duration=3055300,event=fix_wwdr_certificate[0Ktravis_time:start:1fc241fc[0Ktravis_time:end:1fc241fc:start=1609173171818376629,finish=1609173171842046480,duration=23669851,event=put_localhost_first[0Ktravis_time:start:1ba9eeec[0Ktravis_time:end:1ba9eeec:start=1609173171845138580,finish=1609173171848263465,duration=3124885,event=home_paths[0Ktravis_time:start:02c7de9e[0Ktravis_time:end:02c7de9e:start=1609173171851550830,finish=1609173171865653318,duration=14102488,event=disable_initramfs[0Ktravis_time:start:00740762[0Ktravis_time:end:00740762:start=1609173171869106776,finish=1609173172171822279,duration=302715503,event=disable_ssh_roaming[0Ktravis_time:start:3b935851[0Ktravis_time:end:3b935851:start=1609173172175121499,finish=1609173172177591135,duration=2469636,event=debug_tools[0Ktravis_time:start:0f3f171c[0Ktravis_time:end:0f3f171c:start=1609173172180843847,finish=1609173172184018327,duration=3174480,event=uninstall_oclint[0Ktravis_time:start:04db10c4[0Ktravis_time:end:04db10c4:start=1609173172187183054,finish=1609173172190314453,duration=3131399,event=rvm_use[0Ktravis_time:start:088d9647[0Ktravis_time:end:088d9647:start=1609173172193391548,finish=1609173172201575988,duration=8184440,event=rm_etc_boto_cfg[0Ktravis_time:start:0f63f498[0Ktravis_time:end:0f63f498:start=1609173172204823559,finish=1609173172208777658,duration=3954099,event=rm_oraclejdk8_symlink[0Ktravis_time:start:1f11a098[0Ktravis_time:end:1f11a098:start=1609173172212201667,finish=1609173172311019231,duration=98817564,event=enable_i386[0Ktravis_time:start:00f1b3ff[0Ktravis_time:end:00f1b3ff:start=1609173172314331634,finish=1609173172321044670,duration=6713036,event=update_rubygems[0Ktravis_time:start:36700a85[0Ktravis_time:end:36700a85:start=1609173172324169614,finish=1609173173138463251,duration=814293637,event=ensure_path_components[0Ktravis_time:start:0edb141e[0Ktravis_time:end:0edb141e:start=1609173173141707101,finish=1609173173144186089,duration=2478988,event=redefine_curl[0Ktravis_time:start:3415c700[0Ktravis_time:end:3415c700:start=1609173173147169486,finish=1609173173149419105,duration=2249619,event=nonblock_pipe[0Ktravis_time:start:05965108[0Ktravis_time:end:05965108:start=1609173173152305362,finish=1609173179187854024,duration=6035548662,event=apt_get_update[0Ktravis_time:start:177e98b8[0Ktravis_time:end:177e98b8:start=1609173179191559369,finish=1609173179193963248,duration=2403879,event=deprecate_xcode_64[0Ktravis_time:start:0357aab6[0Ktravis_time:end:0357aab6:start=1609173179197115960,finish=1609173181955981601,duration=2758865641,event=update_heroku[0Ktravis_time:start:0a68cfe4[0Ktravis_time:end:0a68cfe4:start=1609173181959194914,finish=1609173181961381662,duration=2186748,event=shell_session_update[0Ktravis_time:start:09fa9741[0Ktravis_fold:start:docker_mtu_and_registry_mirrors[0Ktravis_fold:end:docker_mtu_and_registry_mirrors[0Ktravis_time:end:09fa9741:start=1609173181964266555,finish=1609173184596267264,duration=2632000709,event=set_docker_mtu_and_registry_mirrors[0Ktravis_time:start:17143ce4[0Ktravis_fold:start:resolvconf[0Ktravis_fold:end:resolvconf[0Ktravis_time:end:17143ce4:start=1609173184601621722,finish=1609173184675014514,duration=73392792,event=resolvconf[0Ktravis_time:start:1b2944d1[0Ktravis_time:end:1b2944d1:start=1609173184682313118,finish=1609173184825098435,duration=142785317,event=maven_central_mirror[0Ktravis_time:start:0ce6f4fb[0Ktravis_time:end:0ce6f4fb:start=1609173184828683498,finish=1609173184924891557,duration=96208059,event=maven_https[0Ktravis_time:start:31f47993[0Ktravis_fold:start:services[0Ktravis_time:start:02ceb1b3[0K$ sudo systemctl start mongod
travis_time:end:02ceb1b3:start=1609173184936900415,finish=1609173184955931646,duration=19031231,event=prepare[0Ktravis_fold:end:services[0Ktravis_time:end:02ceb1b3:start=1609173184936900415,finish=1609173187960910984,duration=3024010569,event=services[0Ktravis_time:start:0c227854[0Ktravis_time:end:0c227854:start=1609173187964658924,finish=1609173187966982722,duration=2323798,event=fix_ps4[0Ktravis_time:start:04ce2947[0K
travis_fold:start:git.checkout[0Ktravis_time:start:0d35a470[0K$ git clone --depth=50 --branch=master https://github.com/man-group/arctic.git man-group/arctic
Cloning into 'man-group/arctic'...
remote: Enumerating objects: 618, done.[K
remote: Counting objects:   0% (1/618)[Kremote: Counting objects:   1% (7/618)[Kremote: Counting objects:   2% (13/618)[Kremote: Counting objects:   3% (19/618)[Kremote: Counting objects:   4% (25/618)[Kremote: Counting objects:   5% (31/618)[Kremote: Counting objects:   6% (38/618)[Kremote: Counting objects:   7% (44/618)[Kremote: Counting objects:   8% (50/618)[Kremote: Counting objects:   9% (56/618)[Kremote: Counting objects:  10% (62/618)[Kremote: Counting objects:  11% (68/618)[Kremote: Counting objects:  12% (75/618)[Kremote: Counting objects:  13% (81/618)[Kremote: Counting objects:  14% (87/618)[Kremote: Counting objects:  15% (93/618)[Kremote: Counting objects:  16% (99/618)[Kremote: Counting objects:  17% (106/618)[Kremote: Counting objects:  18% (112/618)[Kremote: Counting objects:  19% (118/618)[Kremote: Counting objects:  20% (124/618)[Kremote: Counting objects:  21% (130/618)[Kremote: Counting objects:  22% (136/618)[Kremote: Counting objects:  23% (143/618)[Kremote: Counting objects:  24% (149/618)[Kremote: Counting objects:  25% (155/618)[Kremote: Counting objects:  26% (161/618)[Kremote: Counting objects:  27% (167/618)[Kremote: Counting objects:  28% (174/618)[Kremote: Counting objects:  29% (180/618)[Kremote: Counting objects:  30% (186/618)[Kremote: Counting objects:  31% (192/618)[Kremote: Counting objects:  32% (198/618)[Kremote: Counting objects:  33% (204/618)[Kremote: Counting objects:  34% (211/618)[Kremote: Counting objects:  35% (217/618)[Kremote: Counting objects:  36% (223/618)[Kremote: Counting objects:  37% (229/618)[Kremote: Counting objects:  38% (235/618)[Kremote: Counting objects:  39% (242/618)[Kremote: Counting objects:  40% (248/618)[Kremote: Counting objects:  41% (254/618)[Kremote: Counting objects:  42% (260/618)[Kremote: Counting objects:  43% (266/618)[Kremote: Counting objects:  44% (272/618)[Kremote: Counting objects:  45% (279/618)[Kremote: Counting objects:  46% (285/618)[Kremote: Counting objects:  47% (291/618)[Kremote: Counting objects:  48% (297/618)[Kremote: Counting objects:  49% (303/618)[Kremote: Counting objects:  50% (309/618)[Kremote: Counting objects:  51% (316/618)[Kremote: Counting objects:  52% (322/618)[Kremote: Counting objects:  53% (328/618)[Kremote: Counting objects:  54% (334/618)[Kremote: Counting objects:  55% (340/618)[Kremote: Counting objects:  56% (347/618)[Kremote: Counting objects:  57% (353/618)[Kremote: Counting objects:  58% (359/618)[Kremote: Counting objects:  59% (365/618)[Kremote: Counting objects:  60% (371/618)[Kremote: Counting objects:  61% (377/618)[Kremote: Counting objects:  62% (384/618)[Kremote: Counting objects:  63% (390/618)[Kremote: Counting objects:  64% (396/618)[Kremote: Counting objects:  65% (402/618)[Kremote: Counting objects:  66% (408/618)[Kremote: Counting objects:  67% (415/618)[Kremote: Counting objects:  68% (421/618)[Kremote: Counting objects:  69% (427/618)[Kremote: Counting objects:  70% (433/618)[Kremote: Counting objects:  71% (439/618)[Kremote: Counting objects:  72% (445/618)[Kremote: Counting objects:  73% (452/618)[Kremote: Counting objects:  74% (458/618)[Kremote: Counting objects:  75% (464/618)[Kremote: Counting objects:  76% (470/618)[Kremote: Counting objects:  77% (476/618)[Kremote: Counting objects:  78% (483/618)[Kremote: Counting objects:  79% (489/618)[Kremote: Counting objects:  80% (495/618)[Kremote: Counting objects:  81% (501/618)[Kremote: Counting objects:  82% (507/618)[Kremote: Counting objects:  83% (513/618)[Kremote: Counting objects:  84% (520/618)[Kremote: Counting objects:  85% (526/618)[Kremote: Counting objects:  86% (532/618)[Kremote: Counting objects:  87% (538/618)[Kremote: Counting objects:  88% (544/618)[Kremote: Counting objects:  89% (551/618)[Kremote: Counting objects:  90% (557/618)[Kremote: Counting objects:  91% (563/618)[Kremote: Counting objects:  92% (569/618)[Kremote: Counting objects:  93% (575/618)[Kremote: Counting objects:  94% (581/618)[Kremote: Counting objects:  95% (588/618)[Kremote: Counting objects:  96% (594/618)[Kremote: Counting objects:  97% (600/618)[Kremote: Counting objects:  98% (606/618)[Kremote: Counting objects:  99% (612/618)[Kremote: Counting objects: 100% (618/618)[Kremote: Counting objects: 100% (618/618), done.[K
remote: Compressing objects:   0% (1/374)[Kremote: Compressing objects:   1% (4/374)[Kremote: Compressing objects:   2% (8/374)[Kremote: Compressing objects:   3% (12/374)[Kremote: Compressing objects:   4% (15/374)[Kremote: Compressing objects:   5% (19/374)[Kremote: Compressing objects:   6% (23/374)[Kremote: Compressing objects:   7% (27/374)[Kremote: Compressing objects:   8% (30/374)[Kremote: Compressing objects:   9% (34/374)[Kremote: Compressing objects:  10% (38/374)[Kremote: Compressing objects:  11% (42/374)[Kremote: Compressing objects:  12% (45/374)[Kremote: Compressing objects:  13% (49/374)[Kremote: Compressing objects:  14% (53/374)[Kremote: Compressing objects:  15% (57/374)[Kremote: Compressing objects:  16% (60/374)[Kremote: Compressing objects:  17% (64/374)[Kremote: Compressing objects:  18% (68/374)[Kremote: Compressing objects:  19% (72/374)[Kremote: Compressing objects:  20% (75/374)[Kremote: Compressing objects:  21% (79/374)[Kremote: Compressing objects:  22% (83/374)[Kremote: Compressing objects:  23% (87/374)[Kremote: Compressing objects:  24% (90/374)[Kremote: Compressing objects:  25% (94/374)[Kremote: Compressing objects:  26% (98/374)[Kremote: Compressing objects:  27% (101/374)[Kremote: Compressing objects:  28% (105/374)[Kremote: Compressing objects:  29% (109/374)[Kremote: Compressing objects:  30% (113/374)[Kremote: Compressing objects:  31% (116/374)[Kremote: Compressing objects:  32% (120/374)[Kremote: Compressing objects:  33% (124/374)[Kremote: Compressing objects:  34% (128/374)[Kremote: Compressing objects:  35% (131/374)[Kremote: Compressing objects:  36% (135/374)[Kremote: Compressing objects:  37% (139/374)[Kremote: Compressing objects:  38% (143/374)[Kremote: Compressing objects:  39% (146/374)[Kremote: Compressing objects:  40% (150/374)[Kremote: Compressing objects:  41% (154/374)[Kremote: Compressing objects:  42% (158/374)[Kremote: Compressing objects:  43% (161/374)[Kremote: Compressing objects:  44% (165/374)[Kremote: Compressing objects:  45% (169/374)[Kremote: Compressing objects:  46% (173/374)[Kremote: Compressing objects:  47% (176/374)[Kremote: Compressing objects:  48% (180/374)[Kremote: Compressing objects:  49% (184/374)[Kremote: Compressing objects:  50% (187/374)[Kremote: Compressing objects:  51% (191/374)[Kremote: Compressing objects:  52% (195/374)[Kremote: Compressing objects:  53% (199/374)[Kremote: Compressing objects:  54% (202/374)[Kremote: Compressing objects:  55% (206/374)[Kremote: Compressing objects:  56% (210/374)[Kremote: Compressing objects:  57% (214/374)[Kremote: Compressing objects:  58% (217/374)[Kremote: Compressing objects:  59% (221/374)[Kremote: Compressing objects:  60% (225/374)[Kremote: Compressing objects:  61% (229/374)[Kremote: Compressing objects:  62% (232/374)[Kremote: Compressing objects:  63% (236/374)[Kremote: Compressing objects:  64% (240/374)[Kremote: Compressing objects:  65% (244/374)[Kremote: Compressing objects:  66% (247/374)[Kremote: Compressing objects:  67% (251/374)[Kremote: Compressing objects:  68% (255/374)[Kremote: Compressing objects:  69% (259/374)[Kremote: Compressing objects:  70% (262/374)[Kremote: Compressing objects:  71% (266/374)[Kremote: Compressing objects:  72% (270/374)[Kremote: Compressing objects:  73% (274/374)[Kremote: Compressing objects:  74% (277/374)[Kremote: Compressing objects:  75% (281/374)[Kremote: Compressing objects:  76% (285/374)[Kremote: Compressing objects:  77% (288/374)[Kremote: Compressing objects:  78% (292/374)[Kremote: Compressing objects:  79% (296/374)[Kremote: Compressing objects:  80% (300/374)[Kremote: Compressing objects:  81% (303/374)[Kremote: Compressing objects:  82% (307/374)[Kremote: Compressing objects:  83% (311/374)[Kremote: Compressing objects:  84% (315/374)[Kremote: Compressing objects:  85% (318/374)[Kremote: Compressing objects:  86% (322/374)[Kremote: Compressing objects:  87% (326/374)[Kremote: Compressing objects:  88% (330/374)[Kremote: Compressing objects:  89% (333/374)[Kremote: Compressing objects:  90% (337/374)[Kremote: Compressing objects:  91% (341/374)[Kremote: Compressing objects:  92% (345/374)[Kremote: Compressing objects:  93% (348/374)[Kremote: Compressing objects:  94% (352/374)[Kremote: Compressing objects:  95% (356/374)[Kremote: Compressing objects:  96% (360/374)[Kremote: Compressing objects:  97% (363/374)[Kremote: Compressing objects:  98% (367/374)[Kremote: Compressing objects:  99% (371/374)[Kremote: Compressing objects: 100% (374/374)[Kremote: Compressing objects: 100% (374/374), done.[K
Receiving objects:   0% (1/618)Receiving objects:   1% (7/618)Receiving objects:   2% (13/618)Receiving objects:   3% (19/618)Receiving objects:   4% (25/618)Receiving objects:   5% (31/618)Receiving objects:   6% (38/618)Receiving objects:   7% (44/618)Receiving objects:   8% (50/618)Receiving objects:   9% (56/618)Receiving objects:  10% (62/618)Receiving objects:  11% (68/618)Receiving objects:  12% (75/618)Receiving objects:  13% (81/618)Receiving objects:  14% (87/618)Receiving objects:  15% (93/618)Receiving objects:  16% (99/618)Receiving objects:  17% (106/618)Receiving objects:  18% (112/618)Receiving objects:  19% (118/618)Receiving objects:  20% (124/618)Receiving objects:  21% (130/618)Receiving objects:  22% (136/618)Receiving objects:  23% (143/618)Receiving objects:  24% (149/618)Receiving objects:  25% (155/618)Receiving objects:  26% (161/618)Receiving objects:  27% (167/618)Receiving objects:  28% (174/618)Receiving objects:  29% (180/618)Receiving objects:  30% (186/618)Receiving objects:  31% (192/618)Receiving objects:  32% (198/618)Receiving objects:  33% (204/618)Receiving objects:  34% (211/618)Receiving objects:  35% (217/618)Receiving objects:  36% (223/618)Receiving objects:  37% (229/618)Receiving objects:  38% (235/618)Receiving objects:  39% (242/618)Receiving objects:  40% (248/618)Receiving objects:  41% (254/618)Receiving objects:  42% (260/618)Receiving objects:  43% (266/618)Receiving objects:  44% (272/618)Receiving objects:  45% (279/618)Receiving objects:  46% (285/618)Receiving objects:  47% (291/618)Receiving objects:  48% (297/618)Receiving objects:  49% (303/618)Receiving objects:  50% (309/618)Receiving objects:  51% (316/618)Receiving objects:  52% (322/618)Receiving objects:  53% (328/618)Receiving objects:  54% (334/618)Receiving objects:  55% (340/618)Receiving objects:  56% (347/618)Receiving objects:  57% (353/618)Receiving objects:  58% (359/618)Receiving objects:  59% (365/618)Receiving objects:  60% (371/618)Receiving objects:  61% (377/618)Receiving objects:  62% (384/618)Receiving objects:  63% (390/618)Receiving objects:  64% (396/618)Receiving objects:  65% (402/618)Receiving objects:  66% (408/618)Receiving objects:  67% (415/618)Receiving objects:  68% (421/618)Receiving objects:  69% (427/618)Receiving objects:  70% (433/618)Receiving objects:  71% (439/618)Receiving objects:  72% (445/618)Receiving objects:  73% (452/618)Receiving objects:  74% (458/618)Receiving objects:  75% (464/618)Receiving objects:  76% (470/618)Receiving objects:  77% (476/618)Receiving objects:  78% (483/618)Receiving objects:  79% (489/618)Receiving objects:  80% (495/618)Receiving objects:  81% (501/618)Receiving objects:  82% (507/618)Receiving objects:  83% (513/618)Receiving objects:  84% (520/618)remote: Total 618 (delta 305), reused 398 (delta 238), pack-reused 0[K
Receiving objects:  85% (526/618)Receiving objects:  86% (532/618)Receiving objects:  87% (538/618)Receiving objects:  88% (544/618)Receiving objects:  89% (551/618)Receiving objects:  90% (557/618)Receiving objects:  91% (563/618)Receiving objects:  92% (569/618)Receiving objects:  93% (575/618)Receiving objects:  94% (581/618)Receiving objects:  95% (588/618)Receiving objects:  96% (594/618)Receiving objects:  97% (600/618)Receiving objects:  98% (606/618)Receiving objects:  99% (612/618)Receiving objects: 100% (618/618)Receiving objects: 100% (618/618), 527.01 KiB | 5.67 MiB/s, done.
Resolving deltas:   0% (0/305)Resolving deltas:   1% (5/305)Resolving deltas:   3% (12/305)Resolving deltas:   7% (22/305)Resolving deltas:   9% (29/305)Resolving deltas:  24% (74/305)Resolving deltas:  32% (99/305)Resolving deltas:  35% (108/305)Resolving deltas:  36% (111/305)Resolving deltas:  40% (123/305)Resolving deltas:  41% (127/305)Resolving deltas:  42% (129/305)Resolving deltas:  43% (132/305)Resolving deltas:  45% (138/305)Resolving deltas:  46% (142/305)Resolving deltas:  63% (193/305)Resolving deltas:  65% (201/305)Resolving deltas:  68% (210/305)Resolving deltas:  70% (216/305)Resolving deltas:  72% (222/305)Resolving deltas:  73% (223/305)Resolving deltas:  74% (226/305)Resolving deltas:  75% (229/305)Resolving deltas:  77% (236/305)Resolving deltas:  78% (239/305)Resolving deltas:  79% (243/305)Resolving deltas:  80% (245/305)Resolving deltas:  81% (249/305)Resolving deltas:  82% (251/305)Resolving deltas:  83% (254/305)Resolving deltas:  84% (257/305)Resolving deltas:  85% (261/305)Resolving deltas:  89% (272/305)Resolving deltas:  90% (276/305)Resolving deltas:  91% (278/305)Resolving deltas:  93% (284/305)Resolving deltas:  94% (288/305)Resolving deltas:  95% (292/305)Resolving deltas:  96% (294/305)Resolving deltas:  97% (296/305)Resolving deltas:  98% (299/305)Resolving deltas:  99% (302/305)Resolving deltas: 100% (305/305)Resolving deltas: 100% (305/305), done.
travis_time:end:0d35a470:start=1609173187973512414,finish=1609173188717683776,duration=744171362,event=checkout[0K$ cd man-group/arctic
$ git checkout -qf e27fbace24dd5de043e03cdacb7e70bdf7fd7b42
travis_fold:end:git.checkout[0K
travis_time:end:0d35a470:start=1609173187973512414,finish=1609173188737140677,duration=763628263,event=checkout[0Ktravis_time:start:1a37a1f0[0Ktravis_time:end:1a37a1f0:start=1609173188740937343,finish=1609173188749237182,duration=8299839,event=env[0Ktravis_time:start:0712e9de[0K$ source ~/virtualenv/python3.7/bin/activate
travis_time:end:0712e9de:start=1609173188752941420,finish=1609173188758588586,duration=5647166,event=[0K$ python --version
Python 3.7.1
$ pip --version
pip 20.1.1 from /home/travis/virtualenv/python3.7.1/lib/python3.7/site-packages/pip (python 3.7)
travis_fold:start:before_install[0Ktravis_time:start:0bdc9a60[0K$ pip install pycodestyle
Collecting pycodestyle
  Downloading pycodestyle-2.6.0-py2.py3-none-any.whl (41 kB)
[?25l
[?25hInstalling collected packages: pycodestyle
Successfully installed pycodestyle-2.6.0
travis_time:end:0bdc9a60:start=1609173189241030316,finish=1609173190245229370,duration=1004199054,event=before_install[0Ktravis_fold:end:before_install[0Ktravis_fold:start:install.1[0Ktravis_time:start:1c7cca60[0K$ mongo --version
MongoDB shell version v4.0.19
git version: 7e28f4296a04d858a2e3dd84a1e79c9ba59a9568
OpenSSL version: OpenSSL 1.0.2g  1 Mar 2016
allocator: tcmalloc
modules: none
build environment:
    distmod: ubuntu1604
    distarch: x86_64
    target_arch: x86_64
travis_time:end:1c7cca60:start=1609173190249833881,finish=1609173190368111541,duration=118277660,event=install[0Ktravis_fold:end:install.1[0Ktravis_fold:start:install.2[0Ktravis_time:start:06506607[0K$ pip install --upgrade pip
Collecting pip
  Downloading pip-20.3.3-py2.py3-none-any.whl (1.5 MB)
[?25l
[?25hInstalling collected packages: pip
  Attempting uninstall: pip
    Found existing installation: pip 20.1.1
    Uninstalling pip-20.1.1:
      Successfully uninstalled pip-20.1.1
Successfully installed pip-20.3.3
travis_time:end:06506607:start=1609173190372111531,finish=1609173192452286065,duration=2080174534,event=install[0Ktravis_fold:end:install.2[0Ktravis_fold:start:install.3[0Ktravis_time:start:1968960f[0K$ pip install python-dateutil --upgrade
Collecting python-dateutil
  Downloading python_dateutil-2.8.1-py2.py3-none-any.whl (227 kB)
[?25l
[?25hRequirement already satisfied: six>=1.5 in /home/travis/virtualenv/python3.7.1/lib/python3.7/site-packages (from python-dateutil) (1.12.0)
Installing collected packages: python-dateutil
Successfully installed python-dateutil-2.8.1
travis_time:end:1968960f:start=1609173192456798206,finish=1609173193252480112,duration=795681906,event=install[0Ktravis_fold:end:install.3[0Ktravis_fold:start:install.4[0Ktravis_time:start:02870594[0K$ pip install pytz --upgrade
Collecting pytz
  Downloading pytz-2020.5-py2.py3-none-any.whl (510 kB)
[?25l
[?25hInstalling collected packages: pytz
Successfully installed pytz-2020.5
travis_time:end:02870594:start=1609173193256485234,finish=1609173194269168234,duration=1012683000,event=install[0Ktravis_fold:end:install.4[0Ktravis_fold:start:install.5[0Ktravis_time:start:0ae17e80[0K$ pip install tzlocal --upgrade
Collecting tzlocal
  Downloading tzlocal-2.1-py2.py3-none-any.whl (16 kB)
Requirement already satisfied: pytz in /home/travis/virtualenv/python3.7.1/lib/python3.7/site-packages (from tzlocal) (2020.5)
Installing collected packages: tzlocal
Successfully installed tzlocal-2.1
travis_time:end:0ae17e80:start=1609173194273204505,finish=1609173194985132479,duration=711927974,event=install[0Ktravis_fold:end:install.5[0Ktravis_fold:start:install.6[0Ktravis_time:start:1b6100ac[0K$ pip install pymongo --upgrade
Collecting pymongo
  Downloading pymongo-3.11.2-cp37-cp37m-manylinux2014_x86_64.whl (512 kB)
[?25l
[?25hInstalling collected packages: pymongo
Successfully installed pymongo-3.11.2
travis_time:end:1b6100ac:start=1609173194989105233,finish=1609173196415976815,duration=1426871582,event=install[0Ktravis_fold:end:install.6[0Ktravis_fold:start:install.7[0Ktravis_time:start:0aba6bde[0K$ pip install numpy --upgrade
Requirement already satisfied: numpy in /home/travis/virtualenv/python3.7.1/lib/python3.7/site-packages (1.16.4)
Collecting numpy
  Downloading numpy-1.19.4-cp37-cp37m-manylinux2010_x86_64.whl (14.5 MB)
[?25l
[?25hInstalling collected packages: numpy
  Attempting uninstall: numpy
    Found existing installation: numpy 1.16.4
    Uninstalling numpy-1.16.4:
      Successfully uninstalled numpy-1.16.4
Successfully installed numpy-1.19.4
travis_time:end:0aba6bde:start=1609173196420030952,finish=1609173200365793933,duration=3945762981,event=install[0Ktravis_fold:end:install.7[0Ktravis_fold:start:install.8[0Ktravis_time:start:3c846c6f[0K$ pip install pandas --upgrade
Collecting pandas
  Downloading pandas-1.2.0-cp37-cp37m-manylinux1_x86_64.whl (9.9 MB)
[?25l
[?25hRequirement already satisfied: python-dateutil>=2.7.3 in /home/travis/virtualenv/python3.7.1/lib/python3.7/site-packages (from pandas) (2.8.1)
Requirement already satisfied: pytz>=2017.3 in /home/travis/virtualenv/python3.7.1/lib/python3.7/site-packages (from pandas) (2020.5)
Requirement already satisfied: numpy>=1.16.5 in /home/travis/virtualenv/python3.7.1/lib/python3.7/site-packages (from pandas) (1.19.4)
Requirement already satisfied: six>=1.5 in /home/travis/virtualenv/python3.7.1/lib/python3.7/site-packages (from python-dateutil>=2.7.3->pandas) (1.12.0)
Installing collected packages: pandas
Successfully installed pandas-1.2.0
travis_time:end:3c846c6f:start=1609173200369893897,finish=1609173204853135930,duration=4483242033,event=install[0Ktravis_fold:end:install.8[0Ktravis_fold:start:install.9[0Ktravis_time:start:09cfed9c[0K$ pip install decorator --upgrade
Collecting decorator
  Downloading decorator-4.4.2-py2.py3-none-any.whl (9.2 kB)
Installing collected packages: decorator
Successfully installed decorator-4.4.2
travis_time:end:09cfed9c:start=1609173204857513663,finish=1609173205584815660,duration=727301997,event=install[0Ktravis_fold:end:install.9[0Ktravis_fold:start:install.10[0Ktravis_time:start:0a0f0350[0K$ pip install enum34 --upgrade
Collecting enum34
  Downloading enum34-1.1.10-py3-none-any.whl (11 kB)
Installing collected packages: enum34
Successfully installed enum34-1.1.10
travis_time:end:0a0f0350:start=1609173205588980752,finish=1609173206295602898,duration=706622146,event=install[0Ktravis_fold:end:install.10[0Ktravis_fold:start:install.11[0Ktravis_time:start:383c0f07[0K$ pip install lz4 --upgrade
Collecting lz4
  Downloading lz4-3.1.1-cp37-cp37m-manylinux2010_x86_64.whl (1.8 MB)
[?25l
[?25hInstalling collected packages: lz4
Successfully installed lz4-3.1.1
travis_time:end:383c0f07:start=1609173206300512013,finish=1609173207386541274,duration=1086029261,event=install[0Ktravis_fold:end:install.11[0Ktravis_fold:start:install.12[0Ktravis_time:start:183be3e6[0K$ pip install mock --upgrade
Requirement already satisfied: mock in /home/travis/virtualenv/python3.7.1/lib/python3.7/site-packages (4.0.2)
Collecting mock
  Downloading mock-4.0.3-py3-none-any.whl (28 kB)
Installing collected packages: mock
  Attempting uninstall: mock
    Found existing installation: mock 4.0.2
    Uninstalling mock-4.0.2:
      Successfully uninstalled mock-4.0.2
Successfully installed mock-4.0.3
travis_time:end:183be3e6:start=1609173207390492028,finish=1609173208401533040,duration=1011041012,event=install[0Ktravis_fold:end:install.12[0Ktravis_fold:start:install.13[0Ktravis_time:start:0f61bf93[0K$ pip install mockextras
Collecting mockextras
  Downloading mockextras-1.0.2-py3-none-any.whl (8.0 kB)
Installing collected packages: mockextras
Successfully installed mockextras-1.0.2
travis_time:end:0f61bf93:start=1609173208405682314,finish=1609173209104871612,duration=699189298,event=install[0Ktravis_fold:end:install.13[0Ktravis_fold:start:install.14[0Ktravis_time:start:20646b80[0K$ pip install pytest --upgrade
Requirement already satisfied: pytest in /home/travis/virtualenv/python3.7.1/lib/python3.7/site-packages (5.4.3)
Collecting pytest
  Downloading pytest-6.2.1-py3-none-any.whl (279 kB)
[?25l
[?25hRequirement already satisfied: importlib-metadata>=0.12 in /home/travis/virtualenv/python3.7.1/lib/python3.7/site-packages (from pytest) (0.18)
Requirement already satisfied: pluggy<1.0.0a1,>=0.12 in /home/travis/virtualenv/python3.7.1/lib/python3.7/site-packages (from pytest) (0.12.0)
Requirement already satisfied: packaging in /home/travis/virtualenv/python3.7.1/lib/python3.7/site-packages (from pytest) (19.0)
Collecting attrs>=19.2.0
  Downloading attrs-20.3.0-py2.py3-none-any.whl (49 kB)
[?25l
[?25hRequirement already satisfied: zipp>=0.5 in /home/travis/virtualenv/python3.7.1/lib/python3.7/site-packages (from importlib-metadata>=0.12->pytest) (0.5.1)
Collecting py>=1.8.2
  Downloading py-1.10.0-py2.py3-none-any.whl (97 kB)
[?25l
[?25hCollecting iniconfig
  Downloading iniconfig-1.1.1-py2.py3-none-any.whl (5.0 kB)
Requirement already satisfied: pyparsing>=2.0.2 in /home/travis/virtualenv/python3.7.1/lib/python3.7/site-packages (from packaging->pytest) (2.4.0)
Requirement already satisfied: six in /home/travis/virtualenv/python3.7.1/lib/python3.7/site-packages (from packaging->pytest) (1.12.0)
Collecting toml
  Downloading toml-0.10.2-py2.py3-none-any.whl (16 kB)
Installing collected packages: toml, py, iniconfig, attrs, pytest
  Attempting uninstall: py
    Found existing installation: py 1.8.0
    Uninstalling py-1.8.0:
      Successfully uninstalled py-1.8.0
  Attempting uninstall: attrs
    Found existing installation: attrs 19.1.0
    Uninstalling attrs-19.1.0:
      Successfully uninstalled attrs-19.1.0
  Attempting uninstall: pytest
    Found existing installation: pytest 5.4.3
    Uninstalling pytest-5.4.3:
      Successfully uninstalled pytest-5.4.3
Successfully installed attrs-20.3.0 iniconfig-1.1.1 py-1.10.0 pytest-6.2.1 toml-0.10.2
travis_time:end:20646b80:start=1609173209108810581,finish=1609173212007691584,duration=2898881003,event=install[0Ktravis_fold:end:install.14[0Ktravis_fold:start:install.15[0Ktravis_time:start:0a480680[0K$ pip install pytest-cov --upgrade
Collecting pytest-cov
  Downloading pytest_cov-2.10.1-py2.py3-none-any.whl (19 kB)
Requirement already satisfied: pytest>=4.6 in /home/travis/virtualenv/python3.7.1/lib/python3.7/site-packages (from pytest-cov) (6.2.1)
Collecting coverage>=4.4
  Downloading coverage-5.3.1-cp37-cp37m-manylinux2010_x86_64.whl (242 kB)
[?25l
[?25hRequirement already satisfied: importlib-metadata>=0.12 in /home/travis/virtualenv/python3.7.1/lib/python3.7/site-packages (from pytest>=4.6->pytest-cov) (0.18)
Requirement already satisfied: pluggy<1.0.0a1,>=0.12 in /home/travis/virtualenv/python3.7.1/lib/python3.7/site-packages (from pytest>=4.6->pytest-cov) (0.12.0)
Requirement already satisfied: iniconfig in /home/travis/virtualenv/python3.7.1/lib/python3.7/site-packages (from pytest>=4.6->pytest-cov) (1.1.1)
Requirement already satisfied: py>=1.8.2 in /home/travis/virtualenv/python3.7.1/lib/python3.7/site-packages (from pytest>=4.6->pytest-cov) (1.10.0)
Requirement already satisfied: toml in /home/travis/virtualenv/python3.7.1/lib/python3.7/site-packages (from pytest>=4.6->pytest-cov) (0.10.2)
Requirement already satisfied: attrs>=19.2.0 in /home/travis/virtualenv/python3.7.1/lib/python3.7/site-packages (from pytest>=4.6->pytest-cov) (20.3.0)
Requirement already satisfied: packaging in /home/travis/virtualenv/python3.7.1/lib/python3.7/site-packages (from pytest>=4.6->pytest-cov) (19.0)
Requirement already satisfied: zipp>=0.5 in /home/travis/virtualenv/python3.7.1/lib/python3.7/site-packages (from importlib-metadata>=0.12->pytest>=4.6->pytest-cov) (0.5.1)
Requirement already satisfied: pyparsing>=2.0.2 in /home/travis/virtualenv/python3.7.1/lib/python3.7/site-packages (from packaging->pytest>=4.6->pytest-cov) (2.4.0)
Requirement already satisfied: six in /home/travis/virtualenv/python3.7.1/lib/python3.7/site-packages (from packaging->pytest>=4.6->pytest-cov) (1.12.0)
Installing collected packages: coverage, pytest-cov
Successfully installed coverage-5.3.1 pytest-cov-2.10.1
travis_time:end:0a480680:start=1609173212011840703,finish=1609173213402920183,duration=1391079480,event=install[0Ktravis_fold:end:install.15[0Ktravis_fold:start:install.16[0Ktravis_time:start:22e4ef02[0K$ pip install pytest-server-fixtures --upgrade
Collecting pytest-server-fixtures
  Downloading pytest_server_fixtures-1.7.0-py2.py3-none-any.whl (40 kB)
[?25l
[?25hRequirement already satisfied: pytest in /home/travis/virtualenv/python3.7.1/lib/python3.7/site-packages (from pytest-server-fixtures) (6.2.1)
Requirement already satisfied: six in /home/travis/virtualenv/python3.7.1/lib/python3.7/site-packages (from pytest-server-fixtures) (1.12.0)
Collecting future
  Downloading future-0.18.2.tar.gz (829 kB)
[?25l
[?25hCollecting psutil
  Downloading psutil-5.8.0-cp37-cp37m-manylinux2010_x86_64.whl (296 kB)
[?25l
[?25hRequirement already satisfied: attrs>=19.2.0 in /home/travis/virtualenv/python3.7.1/lib/python3.7/site-packages (from pytest->pytest-server-fixtures) (20.3.0)
Requirement already satisfied: pluggy<1.0.0a1,>=0.12 in /home/travis/virtualenv/python3.7.1/lib/python3.7/site-packages (from pytest->pytest-server-fixtures) (0.12.0)
Requirement already satisfied: importlib-metadata>=0.12 in /home/travis/virtualenv/python3.7.1/lib/python3.7/site-packages (from pytest->pytest-server-fixtures) (0.18)
Requirement already satisfied: iniconfig in /home/travis/virtualenv/python3.7.1/lib/python3.7/site-packages (from pytest->pytest-server-fixtures) (1.1.1)
Requirement already satisfied: packaging in /home/travis/virtualenv/python3.7.1/lib/python3.7/site-packages (from pytest->pytest-server-fixtures) (19.0)
Requirement already satisfied: toml in /home/travis/virtualenv/python3.7.1/lib/python3.7/site-packages (from pytest->pytest-server-fixtures) (0.10.2)
Requirement already satisfied: py>=1.8.2 in /home/travis/virtualenv/python3.7.1/lib/python3.7/site-packages (from pytest->pytest-server-fixtures) (1.10.0)
Requirement already satisfied: zipp>=0.5 in /home/travis/virtualenv/python3.7.1/lib/python3.7/site-packages (from importlib-metadata>=0.12->pytest->pytest-server-fixtures) (0.5.1)
Requirement already satisfied: pyparsing>=2.0.2 in /home/travis/virtualenv/python3.7.1/lib/python3.7/site-packages (from packaging->pytest->pytest-server-fixtures) (2.4.0)
Collecting pytest-fixture-config
  Downloading pytest_fixture_config-1.7.0-py2.py3-none-any.whl (6.5 kB)
Collecting pytest-shutil
  Downloading pytest_shutil-1.7.0-py2.py3-none-any.whl (15 kB)
Requirement already satisfied: mock in /home/travis/virtualenv/python3.7.1/lib/python3.7/site-packages (from pytest-shutil->pytest-server-fixtures) (4.0.3)
Collecting contextlib2
  Using cached contextlib2-0.6.0.post1-py2.py3-none-any.whl (9.8 kB)
Collecting execnet
  Downloading execnet-1.7.1-py2.py3-none-any.whl (39 kB)
Collecting apipkg>=1.4
  Downloading apipkg-1.5-py2.py3-none-any.whl (4.9 kB)
Collecting path.py
  Downloading path.py-12.5.0-py3-none-any.whl (2.3 kB)
Collecting path
  Downloading path-15.0.1-py3-none-any.whl (21 kB)
Collecting requests
  Downloading requests-2.25.1-py2.py3-none-any.whl (61 kB)
[?25l
[?25hRequirement already satisfied: certifi>=2017.4.17 in /home/travis/virtualenv/python3.7.1/lib/python3.7/site-packages (from requests->pytest-server-fixtures) (2019.3.9)
Collecting chardet<5,>=3.0.2
  Downloading chardet-4.0.0-py2.py3-none-any.whl (178 kB)
[?25l
[?25hCollecting idna<3,>=2.5
  Downloading idna-2.10-py2.py3-none-any.whl (58 kB)
[?25l
[?25hCollecting urllib3<1.27,>=1.21.1
  Downloading urllib3-1.26.2-py2.py3-none-any.whl (136 kB)
[?25l
[?25hCollecting retry
  Downloading retry-0.9.2-py2.py3-none-any.whl (8.0 kB)
Requirement already satisfied: decorator>=3.4.2 in /home/travis/virtualenv/python3.7.1/lib/python3.7/site-packages (from retry->pytest-server-fixtures) (4.4.2)
Collecting termcolor
  Downloading termcolor-1.1.0.tar.gz (3.9 kB)
Building wheels for collected packages: future, termcolor
  Building wheel for future (setup.py) ... [?25l- \ | done
[?25h  Created wheel for future: filename=future-0.18.2-py3-none-any.whl size=491058 sha256=bb9b5584dbf3e53f952a087991cf7229f04f5f28d5877c0e58b4a22bd9d395cf
  Stored in directory: /home/travis/.cache/pip/wheels/56/b0/fe/4410d17b32f1f0c3cf54cdfb2bc04d7b4b8f4ae377e2229ba0
  Building wheel for termcolor (setup.py) ... [?25l- done
[?25h  Created wheel for termcolor: filename=termcolor-1.1.0-py3-none-any.whl size=4830 sha256=7231248dddecf7c25f657450929e8dc41d98c439b07cbb27c7d3c22647e9dfa7
  Stored in directory: /home/travis/.cache/pip/wheels/3f/e3/ec/8a8336ff196023622fbcb36de0c5a5c218cbb24111d1d4c7f2
Successfully built future termcolor
Installing collected packages: path, apipkg, urllib3, termcolor, path.py, idna, execnet, contextlib2, chardet, retry, requests, pytest-shutil, pytest-fixture-config, psutil, future, pytest-server-fixtures
Successfully installed apipkg-1.5 chardet-4.0.0 contextlib2-0.6.0.post1 execnet-1.7.1 future-0.18.2 idna-2.10 path-15.0.1 path.py-12.5.0 psutil-5.8.0 pytest-fixture-config-1.7.0 pytest-server-fixtures-1.7.0 pytest-shutil-1.7.0 requests-2.25.1 retry-0.9.2 termcolor-1.1.0 urllib3-1.26.2
travis_time:end:22e4ef02:start=1609173213407657836,finish=1609173218184867573,duration=4777209737,event=install[0Ktravis_fold:end:install.16[0Ktravis_fold:start:install.17[0Ktravis_time:start:02225300[0K$ pip install pytest-timeout --upgrade
Collecting pytest-timeout
  Downloading pytest_timeout-1.4.2-py2.py3-none-any.whl (10 kB)
Requirement already satisfied: pytest>=3.6.0 in /home/travis/virtualenv/python3.7.1/lib/python3.7/site-packages (from pytest-timeout) (6.2.1)
Requirement already satisfied: importlib-metadata>=0.12 in /home/travis/virtualenv/python3.7.1/lib/python3.7/site-packages (from pytest>=3.6.0->pytest-timeout) (0.18)
Requirement already satisfied: toml in /home/travis/virtualenv/python3.7.1/lib/python3.7/site-packages (from pytest>=3.6.0->pytest-timeout) (0.10.2)
Requirement already satisfied: attrs>=19.2.0 in /home/travis/virtualenv/python3.7.1/lib/python3.7/site-packages (from pytest>=3.6.0->pytest-timeout) (20.3.0)
Requirement already satisfied: iniconfig in /home/travis/virtualenv/python3.7.1/lib/python3.7/site-packages (from pytest>=3.6.0->pytest-timeout) (1.1.1)
Requirement already satisfied: packaging in /home/travis/virtualenv/python3.7.1/lib/python3.7/site-packages (from pytest>=3.6.0->pytest-timeout) (19.0)
Requirement already satisfied: pluggy<1.0.0a1,>=0.12 in /home/travis/virtualenv/python3.7.1/lib/python3.7/site-packages (from pytest>=3.6.0->pytest-timeout) (0.12.0)
Requirement already satisfied: py>=1.8.2 in /home/travis/virtualenv/python3.7.1/lib/python3.7/site-packages (from pytest>=3.6.0->pytest-timeout) (1.10.0)
Requirement already satisfied: zipp>=0.5 in /home/travis/virtualenv/python3.7.1/lib/python3.7/site-packages (from importlib-metadata>=0.12->pytest>=3.6.0->pytest-timeout) (0.5.1)
Requirement already satisfied: pyparsing>=2.0.2 in /home/travis/virtualenv/python3.7.1/lib/python3.7/site-packages (from packaging->pytest>=3.6.0->pytest-timeout) (2.4.0)
Requirement already satisfied: six in /home/travis/virtualenv/python3.7.1/lib/python3.7/site-packages (from packaging->pytest>=3.6.0->pytest-timeout) (1.12.0)
Installing collected packages: pytest-timeout
Successfully installed pytest-timeout-1.4.2
travis_time:end:02225300:start=1609173218189272156,finish=1609173219048544489,duration=859272333,event=install[0Ktravis_fold:end:install.17[0Ktravis_fold:start:install.18[0Ktravis_time:start:078335ce[0K$ pip install pytest-xdist --upgrade
Collecting pytest-xdist
  Downloading pytest_xdist-2.2.0-py3-none-any.whl (36 kB)
Requirement already satisfied: pytest>=6.0.0 in /home/travis/virtualenv/python3.7.1/lib/python3.7/site-packages (from pytest-xdist) (6.2.1)
Requirement already satisfied: execnet>=1.1 in /home/travis/virtualenv/python3.7.1/lib/python3.7/site-packages (from pytest-xdist) (1.7.1)
Requirement already satisfied: apipkg>=1.4 in /home/travis/virtualenv/python3.7.1/lib/python3.7/site-packages (from execnet>=1.1->pytest-xdist) (1.5)
Requirement already satisfied: pluggy<1.0.0a1,>=0.12 in /home/travis/virtualenv/python3.7.1/lib/python3.7/site-packages (from pytest>=6.0.0->pytest-xdist) (0.12.0)
Requirement already satisfied: toml in /home/travis/virtualenv/python3.7.1/lib/python3.7/site-packages (from pytest>=6.0.0->pytest-xdist) (0.10.2)
Requirement already satisfied: attrs>=19.2.0 in /home/travis/virtualenv/python3.7.1/lib/python3.7/site-packages (from pytest>=6.0.0->pytest-xdist) (20.3.0)
Requirement already satisfied: py>=1.8.2 in /home/travis/virtualenv/python3.7.1/lib/python3.7/site-packages (from pytest>=6.0.0->pytest-xdist) (1.10.0)
Requirement already satisfied: iniconfig in /home/travis/virtualenv/python3.7.1/lib/python3.7/site-packages (from pytest>=6.0.0->pytest-xdist) (1.1.1)
Requirement already satisfied: packaging in /home/travis/virtualenv/python3.7.1/lib/python3.7/site-packages (from pytest>=6.0.0->pytest-xdist) (19.0)
Requirement already satisfied: importlib-metadata>=0.12 in /home/travis/virtualenv/python3.7.1/lib/python3.7/site-packages (from pytest>=6.0.0->pytest-xdist) (0.18)
Requirement already satisfied: zipp>=0.5 in /home/travis/virtualenv/python3.7.1/lib/python3.7/site-packages (from importlib-metadata>=0.12->pytest>=6.0.0->pytest-xdist) (0.5.1)
Requirement already satisfied: six in /home/travis/virtualenv/python3.7.1/lib/python3.7/site-packages (from packaging->pytest>=6.0.0->pytest-xdist) (1.12.0)
Requirement already satisfied: pyparsing>=2.0.2 in /home/travis/virtualenv/python3.7.1/lib/python3.7/site-packages (from packaging->pytest>=6.0.0->pytest-xdist) (2.4.0)
Collecting pytest-forked
  Downloading pytest_forked-1.3.0-py2.py3-none-any.whl (4.7 kB)
Installing collected packages: pytest-forked, pytest-xdist
Successfully installed pytest-forked-1.3.0 pytest-xdist-2.2.0
travis_time:end:078335ce:start=1609173219052773464,finish=1609173220055543161,duration=1002769697,event=install[0Ktravis_fold:end:install.18[0Ktravis_fold:start:install.19[0Ktravis_time:start:18f4bb02[0K$ pip install setuptools-git --upgrade
Collecting setuptools-git
  Downloading setuptools_git-1.2-py2.py3-none-any.whl (10 kB)
Installing collected packages: setuptools-git
Successfully installed setuptools-git-1.2
travis_time:end:18f4bb02:start=1609173220059649839,finish=1609173220867723126,duration=808073287,event=install[0Ktravis_fold:end:install.19[0Ktravis_fold:start:install.20[0Ktravis_time:start:04a78ac3[0K$ if [[ $TRAVIS_PYTHON_VERSION == 2.7 ]]; then pip install pandas==0.22.0; fi
travis_time:end:04a78ac3:start=1609173220871873864,finish=1609173220874393841,duration=2519977,event=install[0Ktravis_fold:end:install.20[0Ktravis_time:start:25651e42[0K$ pip freeze
apipkg==1.5
atomicwrites==1.3.0
attrs==20.3.0
certifi==2019.3.9
chardet==4.0.0
contextlib2==0.6.0.post1
coverage==5.3.1
decorator==4.4.2
enum34==1.1.10
execnet==1.7.1
future==0.18.2
idna==2.10
importlib-metadata==0.18
iniconfig==1.1.1
lz4==3.1.1
mock==4.0.3
mockextras==1.0.2
more-itertools==7.0.0
nose==1.3.7
numpy==1.19.4
packaging==19.0
pandas==1.2.0
path==15.0.1
path.py==12.5.0
pipenv==2018.11.26
pluggy==0.12.0
psutil==5.8.0
py==1.10.0
pycodestyle==2.6.0
pymongo==3.11.2
pyparsing==2.4.0
pytest==6.2.1
pytest-cov==2.10.1
pytest-fixture-config==1.7.0
pytest-forked==1.3.0
pytest-server-fixtures==1.7.0
pytest-shutil==1.7.0
pytest-timeout==1.4.2
pytest-xdist==2.2.0
python-dateutil==2.8.1
pytz==2020.5
requests==2.25.1
retry==0.9.2
setuptools-git==1.2
six==1.12.0
termcolor==1.1.0
toml==0.10.2
tzlocal==2.1
urllib3==1.26.2
virtualenv==16.6.0
virtualenv-clone==0.5.3
wcwidth==0.1.7
zipp==0.5.1
travis_time:end:25651e42:start=1609173220878838411,finish=1609173221189413879,duration=310575468,event=script[0K[32;1mThe command "pip freeze" exited with 0.[0m
travis_time:start:005e0b00[0K$ python setup.py test --pytest-args=-v
running test
WARNING: Testing via this command is deprecated and will be removed in a future version. Users looking for a generic test entry point independent of test runner are encouraged to use tox.
running egg_info
creating arctic.egg-info
writing arctic.egg-info/PKG-INFO
writing dependency_links to arctic.egg-info/dependency_links.txt
writing entry points to arctic.egg-info/entry_points.txt
writing requirements to arctic.egg-info/requires.txt
writing top-level names to arctic.egg-info/top_level.txt
writing manifest file 'arctic.egg-info/SOURCES.txt'
writing manifest file 'arctic.egg-info/SOURCES.txt'
running build_ext
Traceback (most recent call last):
  File "/home/travis/virtualenv/python3.7.1/lib/python3.7/site-packages/_pytest/config/__init__.py", line 703, in import_plugin
    __import__(importspec)
  File "/home/travis/build/man-group/arctic/arctic/__init__.py", line 6, in <module>
    from .store._pandas_ndarray_store import PandasDataFrameStore, PandasSeriesStore, PandasPanelStore
  File "/home/travis/build/man-group/arctic/arctic/store/_pandas_ndarray_store.py", line 6, in <module>
    from pandas import DataFrame, Series, Panel
ImportError: cannot import name 'Panel' from 'pandas' (/home/travis/virtualenv/python3.7.1/lib/python3.7/site-packages/pandas/__init__.py)

The above exception was the direct cause of the following exception:

Traceback (most recent call last):
  File "setup.py", line 121, in <module>
    "Topic :: Software Development :: Libraries",
  File "/home/travis/virtualenv/python3.7.1/lib/python3.7/site-packages/setuptools/__init__.py", line 161, in setup
    return distutils.core.setup(**attrs)
  File "/opt/python/3.7.1/lib/python3.7/distutils/core.py", line 148, in setup
    dist.run_commands()
  File "/opt/python/3.7.1/lib/python3.7/distutils/dist.py", line 966, in run_commands
    self.run_command(cmd)
  File "/opt/python/3.7.1/lib/python3.7/distutils/dist.py", line 985, in run_command
    cmd_obj.run()
  File "/home/travis/virtualenv/python3.7.1/lib/python3.7/site-packages/setuptools/command/test.py", line 238, in run
    self.run_tests()
  File "setup.py", line 55, in run_tests
    errno = pytest.main(args)
  File "/home/travis/virtualenv/python3.7.1/lib/python3.7/site-packages/_pytest/config/__init__.py", line 143, in main
    config = _prepareconfig(args, plugins)
  File "/home/travis/virtualenv/python3.7.1/lib/python3.7/site-packages/_pytest/config/__init__.py", line 319, in _prepareconfig
    pluginmanager=pluginmanager, args=args
  File "/home/travis/virtualenv/python3.7.1/lib/python3.7/site-packages/pluggy/hooks.py", line 289, in __call__
    return self._hookexec(self, self.get_hookimpls(), kwargs)
  File "/home/travis/virtualenv/python3.7.1/lib/python3.7/site-packages/pluggy/manager.py", line 87, in _hookexec
    return self._inner_hookexec(hook, methods, kwargs)
  File "/home/travis/virtualenv/python3.7.1/lib/python3.7/site-packages/pluggy/manager.py", line 81, in <lambda>
    firstresult=hook.spec.opts.get("firstresult") if hook.spec else False,
  File "/home/travis/virtualenv/python3.7.1/lib/python3.7/site-packages/pluggy/callers.py", line 203, in _multicall
    gen.send(outcome)
  File "/home/travis/virtualenv/python3.7.1/lib/python3.7/site-packages/_pytest/helpconfig.py", line 100, in pytest_cmdline_parse
    config: Config = outcome.get_result()
  File "/home/travis/virtualenv/python3.7.1/lib/python3.7/site-packages/pluggy/callers.py", line 80, in get_result
    raise ex[1].with_traceback(ex[2])
  File "/home/travis/virtualenv/python3.7.1/lib/python3.7/site-packages/pluggy/callers.py", line 187, in _multicall
    res = hook_impl.function(*args)
  File "/home/travis/virtualenv/python3.7.1/lib/python3.7/site-packages/_pytest/config/__init__.py", line 1003, in pytest_cmdline_parse
    self.parse(args)
  File "/home/travis/virtualenv/python3.7.1/lib/python3.7/site-packages/_pytest/config/__init__.py", line 1283, in parse
    self._preparse(args, addopts=addopts)
  File "/home/travis/virtualenv/python3.7.1/lib/python3.7/site-packages/_pytest/config/__init__.py", line 1192, in _preparse
    early_config=self, args=args, parser=self._parser
  File "/home/travis/virtualenv/python3.7.1/lib/python3.7/site-packages/pluggy/hooks.py", line 289, in __call__
    return self._hookexec(self, self.get_hookimpls(), kwargs)
  File "/home/travis/virtualenv/python3.7.1/lib/python3.7/site-packages/pluggy/manager.py", line 87, in _hookexec
    return self._inner_hookexec(hook, methods, kwargs)
  File "/home/travis/virtualenv/python3.7.1/lib/python3.7/site-packages/pluggy/manager.py", line 81, in <lambda>
    firstresult=hook.spec.opts.get("firstresult") if hook.spec else False,
  File "/home/travis/virtualenv/python3.7.1/lib/python3.7/site-packages/pluggy/callers.py", line 208, in _multicall
    return outcome.get_result()
  File "/home/travis/virtualenv/python3.7.1/lib/python3.7/site-packages/pluggy/callers.py", line 80, in get_result
    raise ex[1].with_traceback(ex[2])
  File "/home/travis/virtualenv/python3.7.1/lib/python3.7/site-packages/pluggy/callers.py", line 187, in _multicall
    res = hook_impl.function(*args)
  File "/home/travis/virtualenv/python3.7.1/lib/python3.7/site-packages/_pytest/config/__init__.py", line 1070, in pytest_load_initial_conftests
    self.pluginmanager._set_initial_conftests(early_config.known_args_namespace)
  File "/home/travis/virtualenv/python3.7.1/lib/python3.7/site-packages/_pytest/config/__init__.py", line 503, in _set_initial_conftests
    self._try_load_conftest(current, namespace.importmode)
  File "/home/travis/virtualenv/python3.7.1/lib/python3.7/site-packages/_pytest/config/__init__.py", line 513, in _try_load_conftest
    self._getconftestmodules(x, importmode)
  File "/home/travis/virtualenv/python3.7.1/lib/python3.7/site-packages/_pytest/config/__init__.py", line 536, in _getconftestmodules
    mod = self._importconftest(conftestpath, importmode)
  File "/home/travis/virtualenv/python3.7.1/lib/python3.7/site-packages/_pytest/config/__init__.py", line 587, in _importconftest
    self.consider_conftest(mod)
  File "/home/travis/virtualenv/python3.7.1/lib/python3.7/site-packages/_pytest/config/__init__.py", line 663, in consider_conftest
    self.register(conftestmodule, name=conftestmodule.__file__)
  File "/home/travis/virtualenv/python3.7.1/lib/python3.7/site-packages/_pytest/config/__init__.py", line 443, in register
    self.consider_module(plugin)
  File "/home/travis/virtualenv/python3.7.1/lib/python3.7/site-packages/_pytest/config/__init__.py", line 669, in consider_module
    self._import_plugin_specs(getattr(mod, "pytest_plugins", []))
  File "/home/travis/virtualenv/python3.7.1/lib/python3.7/site-packages/_pytest/config/__init__.py", line 676, in _import_plugin_specs
    self.import_plugin(import_spec)
  File "/home/travis/virtualenv/python3.7.1/lib/python3.7/site-packages/_pytest/config/__init__.py", line 707, in import_plugin
    ).with_traceback(e.__traceback__) from e
  File "/home/travis/virtualenv/python3.7.1/lib/python3.7/site-packages/_pytest/config/__init__.py", line 703, in import_plugin
    __import__(importspec)
  File "/home/travis/build/man-group/arctic/arctic/__init__.py", line 6, in <module>
    from .store._pandas_ndarray_store import PandasDataFrameStore, PandasSeriesStore, PandasPanelStore
  File "/home/travis/build/man-group/arctic/arctic/store/_pandas_ndarray_store.py", line 6, in <module>
    from pandas import DataFrame, Series, Panel
ImportError: Error importing plugin "arctic.fixtures.arctic": cannot import name 'Panel' from 'pandas' (/home/travis/virtualenv/python3.7.1/lib/python3.7/site-packages/pandas/__init__.py)
travis_time:end:005e0b00:start=1609173221193275330,finish=1609173223948959458,duration=2755684128,event=script[0K[31;1mThe command "python setup.py test --pytest-args=-v" exited with 1.[0m
travis_time:start:028b820e[0K$ pycodestyle arctic
travis_time:end:028b820e:start=1609173223952817638,finish=1609173225182413819,duration=1229596181,event=script[0K[32;1mThe command "pycodestyle arctic" exited with 0.[0m


Done. Your build exited with 1.
